#
# A fatal error has been detected by the Java Runtime Environment:
#
#  EXCEPTION_ACCESS_VIOLATION (0xc0000005) at pc=0x000000006a21d2b5, pid=3620, tid=8008
#
# JRE version: Java(TM) SE Runtime Environment (9.0+11) (build 9.0.4+11)
# Java VM: Java HotSpot(TM) 64-Bit Server VM (9.0.4+11, mixed mode, tiered, compressed oops, g1 gc, windows-amd64)
# Problematic frame:
# V  [jvm.dll+0x22d2b5]
#
# No core dump will be written. Minidumps are not enabled by default on client versions of Windows
#
# If you would like to submit a bug report, please visit:
#   http://bugreport.java.com/bugreport/crash.jsp
#

---------------  S U M M A R Y ------------

Command Line: -Dsun.java2d.pmoffscreen=false -Dsun.java2d.xrender=false -Dsun.java2d.d3d=false -Dsun.awt.nopixfmt=true -Dsun.java2d.dpiaware=true -Dsun.java2d.uiScale.enabled=false -Xverify:none -Dswing.aatext=true -XX:-UsePerfData -Djdk.map.althashing.threshold=512 -XX:StringTableSize=4072 --add-opens=java.base/java.nio=ALL-UNNAMED --add-opens=java.desktop/sun.swing=ALL-UNNAMED --add-opens=java.desktop/javax.swing=ALL-UNNAMED --add-opens=java.desktop/javax.swing.tree=ALL-UNNAMED --add-opens=java.desktop/javax.swing.plaf.basic=ALL-UNNAMED --add-opens=java.desktop/javax.swing.plaf.synth=ALL-UNNAMED --add-opens=java.desktop/com.sun.awt=ALL-UNNAMED -XX:NewSize=60m -XX:MaxNewSize=60m -Xms128m -Xmx3072m -Xss5m 

Host: Intel(R) Core(TM) i7-4790K CPU @ 4.00GHz, 8 cores, 15G,  Windows 10 , 64 bit Build 18362 (10.0.18362.86)
Time: Fri Aug 09 16:42:27 2019 Mitteleuropäische Sommerzeit elapsed time: 3820 seconds (0d 1h 3m 40s)

---------------  T H R E A D  ---------------

Current thread (0x00000268950a9000):  JavaThread "C1 CompilerThread3" daemon [_thread_in_vm, id=8008, stack(0x0000006a5d300000,0x0000006a5d400000)]


Current CompileTask:
C1:3820640 27177       3       ui.b.o.af::da (55 bytes)

Stack: [0x0000006a5d300000,0x0000006a5d400000],  sp=0x0000006a5d3feae0,  free space=1018k
Native frames: (J=compiled Java code, j=interpreted, Vv=VM code, C=native code)
V  [jvm.dll+0x22d2b5]
V  [jvm.dll+0x326e7d]
V  [jvm.dll+0x568a6b]
V  [jvm.dll+0x182d72]
V  [jvm.dll+0x1086eb]
V  [jvm.dll+0x107e29]
V  [jvm.dll+0x107173]
V  [jvm.dll+0x108ca7]
V  [jvm.dll+0x1f6570]
V  [jvm.dll+0x1f51f6]
V  [jvm.dll+0x66b44f]
V  [jvm.dll+0x586490]
C  [MSVCR120.dll+0x24f87]
C  [MSVCR120.dll+0x2512e]
C  [KERNEL32.DLL+0x17bd4]
C  [ntdll.dll+0x6ce71]


siginfo: EXCEPTION_ACCESS_VIOLATION (0xc0000005), reading address 0x0000002f00000170


Register to memory mapping:

RIP=0x000000006a21d2b5 jvm.dll
RAX=0x0000002f00000170 is an unknown value
RBX=0x000002689ecfe690 is at entry_point+-592 in (nmethod*)0x000002689ecfe690
RCX=0x0000006a5d3feb40 is pointing into the stack for thread: 0x00000268950a9000
RDX=0x000002689ecfe690 is at entry_point+-592 in (nmethod*)0x000002689ecfe690
RSP=0x0000006a5d3feae0 is pointing into the stack for thread: 0x00000268950a9000
RBP=0x000000000000003c is an unknown value
RSI=0x0000000000000000 is an unknown value
RDI=0x0000006a5d3feb40 is pointing into the stack for thread: 0x00000268950a9000
R8 =0x0000000000000000 is an unknown value
R9 =0x0000006a5d3fea80 is pointing into the stack for thread: 0x00000268950a9000
R10=0x0000000000000740 is an unknown value
R11=0x0000006a5d3fe980 is pointing into the stack for thread: 0x00000268950a9000
R12=0x00000268920c04d0 is an unknown value
R13=0x0000006a5d3ff070 is pointing into the stack for thread: 0x00000268950a9000
R14=0x0000000000000003 is an unknown value
R15=0x0000000000001010 is an unknown value


Registers:
RAX=0x0000002f00000170, RBX=0x000002689ecfe690, RCX=0x0000006a5d3feb40, RDX=0x000002689ecfe690
RSP=0x0000006a5d3feae0, RBP=0x000000000000003c, RSI=0x0000000000000000, RDI=0x0000006a5d3feb40
R8 =0x0000000000000000, R9 =0x0000006a5d3fea80, R10=0x0000000000000740, R11=0x0000006a5d3fe980
R12=0x00000268920c04d0, R13=0x0000006a5d3ff070, R14=0x0000000000000003, R15=0x0000000000001010
RIP=0x000000006a21d2b5, EFLAGS=0x0000000000010202

Top of Stack: (sp=0x0000006a5d3feae0)
0x0000006a5d3feae0:   000000000000001a 0000026882639810
0x0000006a5d3feaf0:   0000000000000000 0000000000000000
0x0000006a5d3feb00:   000002689ecfe690 000000006a316e7d
0x0000006a5d3feb10:   0000026894dafaf0 0000000000000160
0x0000006a5d3feb20:   0000000000001010 0000000000000003
0x0000006a5d3feb30:   000002689ecfe690 000000006a558a6b
0x0000006a5d3feb40:   00000007c094cfc0 0000000000000160
0x0000006a5d3feb50:   0000000000000160 0000000000000300
0x0000006a5d3feb60:   0000006a00006a29 00000000ffffffff
0x0000006a5d3feb70:   0000006a5d3ff050 ffffffff000000b0
0x0000006a5d3feb80:   00000268920c04d0 0000026882639860
0x0000006a5d3feb90:   0000006a5d3ff070 000002680000001a
0x0000006a5d3feba0:   0000026882639810 0000006a5d3ff018
0x0000006a5d3febb0:   0000006a5d3ff030 0000026896f65690
0x0000006a5d3febc0:   0000026800000003 0000000000000000
0x0000006a5d3febd0:   0000000000000000 00000000ffffffff 

Instructions: (pc=0x000000006a21d2b5)
0x000000006a21d295:   48 89 74 24 10 57 48 83 ec 20 48 8b 01 41 0f b6
0x000000006a21d2a5:   f0 48 8b da 48 8b 00 48 8b f9 48 83 e0 fe 74 0e
0x000000006a21d2b5:   48 3b 10 74 32 48 8b 40 10 48 85 c0 75 f2 b9 18
0x000000006a21d2c5:   00 00 00 e8 a3 1b f8 ff 48 85 c0 74 2d 48 8b 0f 



---------------  P R O C E S S  ---------------

Java Threads: ( => current thread )
  0x00000268b9c8a800 JavaThread "Monitor File Timestamp Swing Worker" [_thread_blocked, id=9800, stack(0x0000006a65700000,0x0000006a65c00000)]
  0x00000268b9c8c000 JavaThread "Timer-7" [_thread_blocked, id=3856, stack(0x0000006a65200000,0x0000006a65700000)]
  0x00000268caade800 JavaThread "Run Simulation" [_thread_blocked, id=11852, stack(0x0000006a64600000,0x0000006a64b00000)]
  0x0000026895614000 JavaThread "Thread-4743" [_thread_in_native, id=14824, stack(0x0000006a62b00000,0x0000006a62c00000)]
  0x00000268caae1800 JavaThread "Thread-1694" [_thread_in_native, id=9856, stack(0x0000006a61700000,0x0000006a61800000)]
  0x00000268caae2000 JavaThread "Update Runs Swing Worker" [_thread_blocked, id=828, stack(0x0000006a63700000,0x0000006a63c00000)]
  0x00000268caadd800 JavaThread "Thread-443" [_thread_in_native, id=9812, stack(0x0000006a65100000,0x0000006a65200000)]
  0x00000268b9c8a000 JavaThread "Monitor File Timestamp Swing Worker" [_thread_blocked, id=11144, stack(0x0000006a64c00000,0x0000006a65100000)]
  0x00000268b9c89000 JavaThread "Timer-3" [_thread_blocked, id=9460, stack(0x0000006a64100000,0x0000006a64600000)]
  0x0000026895615800 JavaThread "Thread-181" [_thread_in_native, id=7768, stack(0x0000006a60f00000,0x0000006a61000000)]
  0x0000026894207000 JavaThread "SyntheticaAnimation 50" daemon [_thread_blocked, id=3456, stack(0x0000006a5f800000,0x0000006a5fd00000)]
  0x00000268b9c8d800 JavaThread "Image Animator 0" daemon [_thread_blocked, id=15376, stack(0x0000006a66500000,0x0000006a66a00000)]
  0x0000026895611000 JavaThread "Thread-83" [_thread_in_native, id=10104, stack(0x0000006a64200000,0x0000006a64300000)]
  0x0000026895612800 JavaThread "hw_ila_monitor" [_thread_blocked, id=6812, stack(0x0000006a63c00000,0x0000006a64100000)]
  0x0000026895612000 JavaThread "Refresh Filesets Swing Worker" [_thread_blocked, id=3320, stack(0x0000006a63200000,0x0000006a63700000)]
  0x0000026895616800 JavaThread "SyntheticaAnimation 70" daemon [_thread_blocked, id=1476, stack(0x0000006a62d00000,0x0000006a63200000)]
  0x0000026895617000 JavaThread "SyntheticaAnimation 25" daemon [_thread_blocked, id=6212, stack(0x0000006a62300000,0x0000006a62800000)]
  0x0000026895609800 JavaThread "SyntheticaAnimation 50" daemon [_thread_blocked, id=11160, stack(0x0000006a61e00000,0x0000006a62300000)]
  0x0000026895610800 JavaThread "Monitor HEventQueue" [_thread_blocked, id=13888, stack(0x0000006a61900000,0x0000006a61e00000)]
  0x000002689560f800 JavaThread "Batik CleanerThread" daemon [_thread_blocked, id=7112, stack(0x0000006a61100000,0x0000006a61600000)]
  0x000002689560b000 JavaThread "SyntheticaCleanerThread" daemon [_thread_blocked, id=1852, stack(0x0000006a5fd00000,0x0000006a60200000)]
  0x0000026895609000 JavaThread "AWT-EventQueue-1" [_thread_blocked, id=7344, stack(0x0000006a60700000,0x0000006a60c00000)]
  0x000002689560a800 JavaThread "Process Messages" [_thread_blocked, id=10360, stack(0x0000006a60200000,0x0000006a60700000)]
  0x000002689560c000 JavaThread "Thread-1" [_thread_in_native, id=7044, stack(0x0000006a59000000,0x0000006a5a400000)]
  0x000002689560d800 JavaThread "TimerQueue" daemon [_thread_blocked, id=3228, stack(0x0000006a5f300000,0x0000006a5f800000)]
  0x0000026895608000 JavaThread "AWT-Windows" daemon [_thread_blocked, id=4548, stack(0x0000006a5ee00000,0x0000006a5f300000)]
  0x000002689560c800 JavaThread "AWT-Shutdown" [_thread_blocked, id=14080, stack(0x0000006a5e900000,0x0000006a5ee00000)]
  0x0000026894202000 JavaThread "Java2D Disposer" daemon [_thread_blocked, id=10232, stack(0x0000006a5e400000,0x0000006a5e900000)]
  0x0000026894206800 JavaThread "Service Thread" daemon [_thread_blocked, id=12084, stack(0x0000006a5de00000,0x0000006a5e300000)]
  0x0000026894205000 JavaThread "Common-Cleaner" daemon [_thread_blocked, id=10868, stack(0x0000006a5d900000,0x0000006a5de00000)]
  0x00000268950a9800 JavaThread "Sweeper thread" daemon [_thread_blocked, id=12400, stack(0x0000006a5d400000,0x0000006a5d900000)]
=>0x00000268950a9000 JavaThread "C1 CompilerThread3" daemon [_thread_in_vm, id=8008, stack(0x0000006a5d300000,0x0000006a5d400000)]
  0x00000268950a8000 JavaThread "C2 CompilerThread2" daemon [_thread_blocked, id=11756, stack(0x0000006a5d200000,0x0000006a5d300000)]
  0x00000268950a7800 JavaThread "C2 CompilerThread1" daemon [_thread_blocked, id=1176, stack(0x0000006a5d100000,0x0000006a5d200000)]
  0x00000268904e5800 JavaThread "C2 CompilerThread0" daemon [_thread_blocked, id=13608, stack(0x0000006a5d000000,0x0000006a5d100000)]
  0x0000026894204000 JavaThread "Attach Listener" daemon [_thread_blocked, id=14684, stack(0x0000006a5cb00000,0x0000006a5d000000)]
  0x0000026894200800 JavaThread "Signal Dispatcher" daemon [_thread_blocked, id=14244, stack(0x0000006a5c600000,0x0000006a5cb00000)]
  0x0000026894202800 JavaThread "Finalizer" daemon [_thread_blocked, id=2980, stack(0x0000006a5c100000,0x0000006a5c600000)]
  0x0000026894203800 JavaThread "Reference Handler" daemon [_thread_blocked, id=13140, stack(0x0000006a5bc00000,0x0000006a5c100000)]
  0x0000026894201000 JavaThread "main" [_thread_blocked, id=4724, stack(0x0000006a58f00000,0x0000006a59000000)]

Other Threads:
  0x0000026894866800 VMThread "VM Thread" [stack: 0x0000006a5bb00000,0x0000006a5bc00000] [id=8216]
  0x0000026891ea8000 WatcherThread [stack: 0x0000006a5e300000,0x0000006a5e400000] [id=11472]
  0x00000268975ec800 GCTaskThread "GC Thread#0" [stack: 0x0000006a5a700000,0x0000006a5a800000] [id=13920]
  0x00000268972e7800 GCTaskThread "GC Thread#1" [stack: 0x0000006a5a800000,0x0000006a5a900000] [id=13596]
  0x0000026897531800 GCTaskThread "GC Thread#2" [stack: 0x0000006a5a900000,0x0000006a5aa00000] [id=11492]
  0x00000268974f2800 GCTaskThread "GC Thread#3" [stack: 0x0000006a5aa00000,0x0000006a5ab00000] [id=5760]
  0x000002689759f800 GCTaskThread "GC Thread#4" [stack: 0x0000006a5ab00000,0x0000006a5ac00000] [id=5472]
  0x000002689416c800 GCTaskThread "GC Thread#5" [stack: 0x0000006a5ac00000,0x0000006a5ad00000] [id=16232]
  0x0000026894169800 GCTaskThread "GC Thread#6" [stack: 0x0000006a5ad00000,0x0000006a5ae00000] [id=13000]
  0x000002689416a800 GCTaskThread "GC Thread#7" [stack: 0x0000006a5ae00000,0x0000006a5af00000] [id=9384]
  0x000002689444f800 ConcurrentGCThread "G1 Main Marker" [stack: 0x0000006a5b800000,0x0000006a5b900000] [id=9308]
  0x0000026894167800 ConcurrentGCThread "G1 Marker#0" [stack: 0x0000006a5b900000,0x0000006a5ba00000] [id=11260]
  0x0000026894168000 ConcurrentGCThread "G1 Marker#1" [stack: 0x0000006a5ba00000,0x0000006a5bb00000] [id=11512]
  0x000002689416f800 ConcurrentGCThread "G1 Refine#0" [stack: 0x0000006a5b600000,0x0000006a5b700000] [id=12136]
  0x0000026894170800 ConcurrentGCThread "G1 Refine#1" [stack: 0x0000006a5b500000,0x0000006a5b600000] [id=4292]
  0x0000026894171800 ConcurrentGCThread "G1 Refine#2" [stack: 0x0000006a5b400000,0x0000006a5b500000] [id=5288]
  0x0000026894175000 ConcurrentGCThread "G1 Refine#3" [stack: 0x0000006a5b300000,0x0000006a5b400000] [id=8400]
  0x0000026894175800 ConcurrentGCThread "G1 Refine#4" [stack: 0x0000006a5b200000,0x0000006a5b300000] [id=9672]
  0x0000026894370000 ConcurrentGCThread "G1 Refine#5" [stack: 0x0000006a5b100000,0x0000006a5b200000] [id=9464]
  0x00000268973e0000 ConcurrentGCThread "G1 Refine#6" [stack: 0x0000006a5b000000,0x0000006a5b100000] [id=9732]
  0x00000268975c6000 ConcurrentGCThread "G1 Refine#7" [stack: 0x0000006a5af00000,0x0000006a5b000000] [id=13200]
  0x00000268944de800 ConcurrentGCThread "G1 Young RemSet Sampling" [stack: 0x0000006a5b700000,0x0000006a5b800000] [id=8976]

Threads with active compile tasks:
C1 CompilerThread327177       3       ui.b.o.af::da (55 bytes)

VM state:synchronizing (normal execution)

VM Mutex/Monitor currently owned by a thread:  ([mutex/lock_event])
[0x0000026894dafaf0] CodeCache_lock - owner thread: 0x00000268950a9000
[0x0000026894db06c0] Threads_lock - owner thread: 0x0000026894866800
[0x0000026894db01b0] Heap_lock - owner thread: 0x000002689560d800
[0x0000026894db0cf0] Compile_lock - owner thread: 0x00000268950a9000
[0x0000026894db1200] MethodCompileQueue_lock - owner thread: 0x00000268950a9000

Heap address: 0x0000000700000000, size: 3072 MB, Compressed Oops mode: Zero based, Oop shift amount: 3
Narrow klass base: 0x0000000000000000, Narrow klass shift: 3
Compressed class space size: 1073741824 Address: 0x00000007c0000000

Heap:
 garbage-first heap   total 408576K, used 217217K [0x0000000700000000, 0x0000000700100c78, 0x00000007c0000000)
  region size 1024K, 60 young (61440K), 2 survivors (2048K)
 Metaspace       used 99382K, capacity 102656K, committed 107216K, reserved 1140736K
  class space    used 14276K, capacity 14876K, committed 15824K, reserved 1048576K
Heap Regions: E=young(eden), S=young(survivor), O=old, HS=humongous(starts), HC=humongous(continues), CS=collection set, F=free, A=archive, TS=gc time stamp, AC=allocation context, TAMS=top-at-mark-start (previous, next)
|   0|0x0000000700000000, 0x00000007000ed000, 0x0000000700100000| 92%| O|  |TS  0|AC  0|TAMS 0x0000000700000000, 0x0000000700000000|
|   1|0x0000000700100000, 0x0000000700200000, 0x0000000700200000|100%|HS|  |TS  0|AC  0|TAMS 0x0000000700100000, 0x0000000700100000|
|   2|0x0000000700200000, 0x0000000700300000, 0x0000000700300000|100%|HC|  |TS  0|AC  0|TAMS 0x0000000700200000, 0x0000000700200000|
|   3|0x0000000700300000, 0x0000000700400000, 0x0000000700400000|100%|HS|  |TS  0|AC  0|TAMS 0x0000000700300000, 0x0000000700300000|
|   4|0x0000000700400000, 0x00000007004ffff0, 0x0000000700500000| 99%| O|  |TS  0|AC  0|TAMS 0x0000000700400000, 0x0000000700400000|
|   5|0x0000000700500000, 0x0000000700600000, 0x0000000700600000|100%| O|  |TS  0|AC  0|TAMS 0x0000000700500000, 0x0000000700500000|
|   6|0x0000000700600000, 0x0000000700700000, 0x0000000700700000|100%| O|  |TS  0|AC  0|TAMS 0x0000000700600000, 0x0000000700600000|
|   7|0x0000000700700000, 0x00000007007f0960, 0x0000000700800000| 93%| O|  |TS  0|AC  0|TAMS 0x0000000700700000, 0x0000000700700000|
|   8|0x0000000700800000, 0x0000000700900000, 0x0000000700900000|100%| O|  |TS  0|AC  0|TAMS 0x0000000700800000, 0x0000000700800000|
|   9|0x0000000700900000, 0x00000007009fffc8, 0x0000000700a00000| 99%| O|  |TS  0|AC  0|TAMS 0x0000000700900000, 0x0000000700900000|
|  10|0x0000000700a00000, 0x0000000700ad0330, 0x0000000700b00000| 81%| O|  |TS  0|AC  0|TAMS 0x0000000700a00000, 0x0000000700a00000|
|  11|0x0000000700b00000, 0x0000000700bff608, 0x0000000700c00000| 99%| O|  |TS  0|AC  0|TAMS 0x0000000700b00000, 0x0000000700b00000|
|  12|0x0000000700c00000, 0x0000000700cff550, 0x0000000700d00000| 99%| O|  |TS  0|AC  0|TAMS 0x0000000700c00000, 0x0000000700c00000|
|  13|0x0000000700d00000, 0x0000000700dffff0, 0x0000000700e00000| 99%| O|  |TS  0|AC  0|TAMS 0x0000000700d00000, 0x0000000700d00000|
|  14|0x0000000700e00000, 0x0000000700efe500, 0x0000000700f00000| 99%| O|  |TS  0|AC  0|TAMS 0x0000000700e00000, 0x0000000700e00000|
|  15|0x0000000700f00000, 0x0000000700fffff0, 0x0000000701000000| 99%| O|  |TS  0|AC  0|TAMS 0x0000000700f00000, 0x0000000700f00000|
|  16|0x0000000701000000, 0x0000000701100000, 0x0000000701100000|100%| O|  |TS  0|AC  0|TAMS 0x0000000701000000, 0x0000000701000000|
|  17|0x0000000701100000, 0x0000000701200000, 0x0000000701200000|100%| O|  |TS  0|AC  0|TAMS 0x0000000701100000, 0x0000000701100000|
|  18|0x0000000701200000, 0x0000000701300000, 0x0000000701300000|100%| O|  |TS  0|AC  0|TAMS 0x0000000701200000, 0x0000000701200000|
|  19|0x0000000701300000, 0x00000007013fffe8, 0x0000000701400000| 99%| O|  |TS  0|AC  0|TAMS 0x0000000701300000, 0x0000000701300000|
|  20|0x0000000701400000, 0x0000000701500000, 0x0000000701500000|100%| O|  |TS  0|AC  0|TAMS 0x0000000701400000, 0x0000000701400000|
|  21|0x0000000701500000, 0x0000000701600000, 0x0000000701600000|100%| O|  |TS  0|AC  0|TAMS 0x0000000701500000, 0x0000000701500000|
|  22|0x0000000701600000, 0x00000007016ffff0, 0x0000000701700000| 99%| O|  |TS  0|AC  0|TAMS 0x0000000701600000, 0x0000000701600000|
|  23|0x0000000701700000, 0x00000007017ffff0, 0x0000000701800000| 99%| O|  |TS  0|AC  0|TAMS 0x0000000701700000, 0x0000000701700000|
|  24|0x0000000701800000, 0x00000007018fffb0, 0x0000000701900000| 99%| O|  |TS  0|AC  0|TAMS 0x0000000701800000, 0x0000000701800000|
|  25|0x0000000701900000, 0x00000007019ffff0, 0x0000000701a00000| 99%| O|  |TS  0|AC  0|TAMS 0x0000000701900000, 0x0000000701900000|
|  26|0x0000000701a00000, 0x0000000701affe00, 0x0000000701b00000| 99%| O|  |TS  0|AC  0|TAMS 0x0000000701a00000, 0x0000000701a00000|
|  27|0x0000000701b00000, 0x0000000701bffe08, 0x0000000701c00000| 99%| O|  |TS  0|AC  0|TAMS 0x0000000701b00000, 0x0000000701b00000|
|  28|0x0000000701c00000, 0x0000000701cffe30, 0x0000000701d00000| 99%| O|  |TS  0|AC  0|TAMS 0x0000000701c00000, 0x0000000701c00000|
|  29|0x0000000701d00000, 0x0000000701dffff0, 0x0000000701e00000| 99%| O|  |TS  0|AC  0|TAMS 0x0000000701d00000, 0x0000000701d00000|
|  30|0x0000000701e00000, 0x0000000701efff10, 0x0000000701f00000| 99%| O|  |TS  0|AC  0|TAMS 0x0000000701e00000, 0x0000000701e00000|
|  31|0x0000000701f00000, 0x0000000701fffe40, 0x0000000702000000| 99%| O|  |TS  0|AC  0|TAMS 0x0000000701f00000, 0x0000000701f00000|
|  32|0x0000000702000000, 0x00000007020ffff8, 0x0000000702100000| 99%| O|  |TS  0|AC  0|TAMS 0x0000000702000000, 0x0000000702000000|
|  33|0x0000000702100000, 0x00000007021fffc8, 0x0000000702200000| 99%| O|  |TS  0|AC  0|TAMS 0x0000000702100000, 0x0000000702100000|
|  34|0x0000000702200000, 0x00000007022fa1a8, 0x0000000702300000| 97%| O|  |TS  0|AC  0|TAMS 0x0000000702200000, 0x0000000702200000|
|  35|0x0000000702300000, 0x00000007023ff760, 0x0000000702400000| 99%| O|  |TS  0|AC  0|TAMS 0x0000000702300000, 0x0000000702300000|
|  36|0x0000000702400000, 0x00000007024ffff0, 0x0000000702500000| 99%| O|  |TS  0|AC  0|TAMS 0x0000000702400000, 0x0000000702400000|
|  37|0x0000000702500000, 0x00000007025fff80, 0x0000000702600000| 99%| O|  |TS  0|AC  0|TAMS 0x0000000702500000, 0x0000000702500000|
|  38|0x0000000702600000, 0x00000007026ffff8, 0x0000000702700000| 99%| O|  |TS  0|AC  0|TAMS 0x0000000702600000, 0x0000000702600000|
|  39|0x0000000702700000, 0x00000007027ffff8, 0x0000000702800000| 99%| O|  |TS  0|AC  0|TAMS 0x0000000702700000, 0x0000000702700000|
|  40|0x0000000702800000, 0x00000007028fff98, 0x0000000702900000| 99%| O|  |TS  0|AC  0|TAMS 0x0000000702800000, 0x0000000702800000|
|  41|0x0000000702900000, 0x00000007029fffd0, 0x0000000702a00000| 99%| O|  |TS  0|AC  0|TAMS 0x0000000702900000, 0x0000000702900000|
|  42|0x0000000702a00000, 0x0000000702b00000, 0x0000000702b00000|100%|HS|  |TS  0|AC  0|TAMS 0x0000000702a00000, 0x0000000702a00000|
|  43|0x0000000702b00000, 0x0000000702c00000, 0x0000000702c00000|100%| O|  |TS  0|AC  0|TAMS 0x0000000702b00000, 0x0000000702b00000|
|  44|0x0000000702c00000, 0x0000000702cfbfb0, 0x0000000702d00000| 98%| O|  |TS  0|AC  0|TAMS 0x0000000702c00000, 0x0000000702c00000|
|  45|0x0000000702d00000, 0x0000000702e00000, 0x0000000702e00000|100%| O|  |TS  0|AC  0|TAMS 0x0000000702d00000, 0x0000000702d00000|
|  46|0x0000000702e00000, 0x0000000702effff8, 0x0000000702f00000| 99%| O|  |TS  0|AC  0|TAMS 0x0000000702e00000, 0x0000000702e00000|
|  47|0x0000000702f00000, 0x0000000702ffc420, 0x0000000703000000| 98%| O|  |TS  0|AC  0|TAMS 0x0000000702f00000, 0x0000000702f00000|
|  48|0x0000000703000000, 0x00000007030fffc8, 0x0000000703100000| 99%| O|  |TS  0|AC  0|TAMS 0x0000000703000000, 0x0000000703000000|
|  49|0x0000000703100000, 0x00000007031fff10, 0x0000000703200000| 99%| O|  |TS  0|AC  0|TAMS 0x0000000703100000, 0x0000000703100000|
|  50|0x0000000703200000, 0x00000007032fffe8, 0x0000000703300000| 99%| O|  |TS  0|AC  0|TAMS 0x0000000703200000, 0x0000000703200000|
|  51|0x0000000703300000, 0x00000007033ffeb0, 0x0000000703400000| 99%| O|  |TS  0|AC  0|TAMS 0x0000000703300000, 0x0000000703300000|
|  52|0x0000000703400000, 0x0000000703500000, 0x0000000703500000|100%| O|  |TS  0|AC  0|TAMS 0x0000000703400000, 0x0000000703400000|
|  53|0x0000000703500000, 0x00000007035fffd8, 0x0000000703600000| 99%| O|  |TS  0|AC  0|TAMS 0x0000000703500000, 0x0000000703500000|
|  54|0x0000000703600000, 0x00000007036fffe0, 0x0000000703700000| 99%| O|  |TS  0|AC  0|TAMS 0x0000000703600000, 0x0000000703600000|
|  55|0x0000000703700000, 0x0000000703800000, 0x0000000703800000|100%| O|  |TS  0|AC  0|TAMS 0x0000000703700000, 0x0000000703700000|
|  56|0x0000000703800000, 0x00000007038fe130, 0x0000000703900000| 99%| O|  |TS  0|AC  0|TAMS 0x0000000703800000, 0x0000000703800000|
|  57|0x0000000703900000, 0x00000007039ffff0, 0x0000000703a00000| 99%| O|  |TS  0|AC  0|TAMS 0x0000000703900000, 0x0000000703900000|
|  58|0x0000000703a00000, 0x0000000703affff0, 0x0000000703b00000| 99%| O|  |TS  0|AC  0|TAMS 0x0000000703a00000, 0x0000000703a00000|
|  59|0x0000000703b00000, 0x0000000703bfffe8, 0x0000000703c00000| 99%| O|  |TS  0|AC  0|TAMS 0x0000000703b00000, 0x0000000703b00000|
|  60|0x0000000703c00000, 0x0000000703d00000, 0x0000000703d00000|100%| O|  |TS  0|AC  0|TAMS 0x0000000703c00000, 0x0000000703c00000|
|  61|0x0000000703d00000, 0x0000000703e00000, 0x0000000703e00000|100%|HS|  |TS  0|AC  0|TAMS 0x0000000703d00000, 0x0000000703d00000|
|  62|0x0000000703e00000, 0x0000000703effed8, 0x0000000703f00000| 99%| O|  |TS  0|AC  0|TAMS 0x0000000703e00000, 0x0000000703e00000|
|  63|0x0000000703f00000, 0x0000000704000000, 0x0000000704000000|100%| O|  |TS  0|AC  0|TAMS 0x0000000703f00000, 0x0000000703f00000|
|  64|0x0000000704000000, 0x00000007040fffd0, 0x0000000704100000| 99%| O|  |TS  0|AC  0|TAMS 0x0000000704000000, 0x0000000704000000|
|  65|0x0000000704100000, 0x00000007041fff18, 0x0000000704200000| 99%| O|  |TS  0|AC  0|TAMS 0x0000000704100000, 0x0000000704100000|
|  66|0x0000000704200000, 0x00000007042ffff8, 0x0000000704300000| 99%| O|  |TS  0|AC  0|TAMS 0x0000000704200000, 0x0000000704200000|
|  67|0x0000000704300000, 0x0000000704400000, 0x0000000704400000|100%| O|  |TS  0|AC  0|TAMS 0x0000000704300000, 0x0000000704300000|
|  68|0x0000000704400000, 0x00000007044fea78, 0x0000000704500000| 99%| O|  |TS  0|AC  0|TAMS 0x0000000704400000, 0x0000000704400000|
|  69|0x0000000704500000, 0x00000007045ffff0, 0x0000000704600000| 99%| O|  |TS  0|AC  0|TAMS 0x0000000704500000, 0x0000000704500000|
|  70|0x0000000704600000, 0x00000007046fffc0, 0x0000000704700000| 99%| O|  |TS  0|AC  0|TAMS 0x0000000704600000, 0x0000000704600000|
|  71|0x0000000704700000, 0x00000007047ffff8, 0x0000000704800000| 99%| O|  |TS  0|AC  0|TAMS 0x0000000704700000, 0x0000000704700000|
|  72|0x0000000704800000, 0x0000000704900000, 0x0000000704900000|100%| O|  |TS  0|AC  0|TAMS 0x0000000704800000, 0x0000000704800000|
|  73|0x0000000704900000, 0x00000007049ffff8, 0x0000000704a00000| 99%| O|  |TS  0|AC  0|TAMS 0x0000000704900000, 0x0000000704900000|
|  74|0x0000000704a00000, 0x0000000704affea8, 0x0000000704b00000| 99%| O|  |TS  0|AC  0|TAMS 0x0000000704a00000, 0x0000000704a00000|
|  75|0x0000000704b00000, 0x0000000704bfffb0, 0x0000000704c00000| 99%| O|  |TS  0|AC  0|TAMS 0x0000000704b00000, 0x0000000704b00000|
|  76|0x0000000704c00000, 0x0000000704cff458, 0x0000000704d00000| 99%| O|  |TS  0|AC  0|TAMS 0x0000000704c00000, 0x0000000704c00000|
|  77|0x0000000704d00000, 0x0000000704dfffb8, 0x0000000704e00000| 99%| O|  |TS  0|AC  0|TAMS 0x0000000704d00000, 0x0000000704d00000|
|  78|0x0000000704e00000, 0x0000000704f00000, 0x0000000704f00000|100%| O|  |TS  0|AC  0|TAMS 0x0000000704e00000, 0x0000000704e00000|
|  79|0x0000000704f00000, 0x0000000704ffff90, 0x0000000705000000| 99%| O|  |TS  0|AC  0|TAMS 0x0000000704f00000, 0x0000000704f00000|
|  80|0x0000000705000000, 0x0000000705100000, 0x0000000705100000|100%|HS|  |TS  0|AC  0|TAMS 0x0000000705000000, 0x0000000705000000|
|  81|0x0000000705100000, 0x0000000705200000, 0x0000000705200000|100%|HC|  |TS  0|AC  0|TAMS 0x0000000705100000, 0x0000000705100000|
|  82|0x0000000705200000, 0x00000007052ffff0, 0x0000000705300000| 99%| O|  |TS  0|AC  0|TAMS 0x0000000705200000, 0x0000000705200000|
|  83|0x0000000705300000, 0x00000007053ffff8, 0x0000000705400000| 99%| O|  |TS  0|AC  0|TAMS 0x0000000705300000, 0x0000000705300000|
|  84|0x0000000705400000, 0x00000007054fffa0, 0x0000000705500000| 99%| O|  |TS  0|AC  0|TAMS 0x0000000705400000, 0x0000000705400000|
|  85|0x0000000705500000, 0x00000007055ffff0, 0x0000000705600000| 99%| O|  |TS  0|AC  0|TAMS 0x0000000705500000, 0x0000000705500000|
|  86|0x0000000705600000, 0x00000007056ffff0, 0x0000000705700000| 99%| O|  |TS  0|AC  0|TAMS 0x0000000705600000, 0x0000000705600000|
|  87|0x0000000705700000, 0x00000007057ffff8, 0x0000000705800000| 99%| O|  |TS  0|AC  0|TAMS 0x0000000705700000, 0x0000000705700000|
|  88|0x0000000705800000, 0x00000007058fffe8, 0x0000000705900000| 99%| O|  |TS  0|AC  0|TAMS 0x0000000705800000, 0x0000000705800000|
|  89|0x0000000705900000, 0x0000000705a00000, 0x0000000705a00000|100%| O|  |TS  0|AC  0|TAMS 0x0000000705900000, 0x0000000705900000|
|  90|0x0000000705a00000, 0x0000000705aff1d8, 0x0000000705b00000| 99%| O|  |TS  0|AC  0|TAMS 0x0000000705a00000, 0x0000000705a00000|
|  91|0x0000000705b00000, 0x0000000705bffff8, 0x0000000705c00000| 99%| O|  |TS  0|AC  0|TAMS 0x0000000705b00000, 0x0000000705b00000|
|  92|0x0000000705c00000, 0x0000000705cfffe8, 0x0000000705d00000| 99%| O|  |TS  0|AC  0|TAMS 0x0000000705c00000, 0x0000000705c00000|
|  93|0x0000000705d00000, 0x0000000705e00000, 0x0000000705e00000|100%| O|  |TS  0|AC  0|TAMS 0x0000000705d00000, 0x0000000705d00000|
|  94|0x0000000705e00000, 0x0000000705effff8, 0x0000000705f00000| 99%| O|  |TS  0|AC  0|TAMS 0x0000000705e00000, 0x0000000705e00000|
|  95|0x0000000705f00000, 0x0000000705fffe18, 0x0000000706000000| 99%| O|  |TS  0|AC  0|TAMS 0x0000000705f00000, 0x0000000705f00000|
|  96|0x0000000706000000, 0x00000007060fffe8, 0x0000000706100000| 99%| O|  |TS  0|AC  0|TAMS 0x0000000706000000, 0x0000000706000000|
|  97|0x0000000706100000, 0x00000007061ffff0, 0x0000000706200000| 99%| O|  |TS  0|AC  0|TAMS 0x0000000706100000, 0x0000000706100000|
|  98|0x0000000706200000, 0x00000007062ffff8, 0x0000000706300000| 99%| O|  |TS  0|AC  0|TAMS 0x0000000706200000, 0x0000000706200000|
|  99|0x0000000706300000, 0x00000007063ffff8, 0x0000000706400000| 99%| O|  |TS  0|AC  0|TAMS 0x0000000706300000, 0x0000000706300000|
| 100|0x0000000706400000, 0x00000007064fffe0, 0x0000000706500000| 99%| O|  |TS  0|AC  0|TAMS 0x0000000706400000, 0x0000000706400000|
| 101|0x0000000706500000, 0x00000007065ffff8, 0x0000000706600000| 99%| O|  |TS  0|AC  0|TAMS 0x0000000706500000, 0x0000000706500000|
| 102|0x0000000706600000, 0x0000000706700000, 0x0000000706700000|100%| O|  |TS  0|AC  0|TAMS 0x0000000706600000, 0x0000000706600000|
| 103|0x0000000706700000, 0x00000007067fffe0, 0x0000000706800000| 99%| O|  |TS  0|AC  0|TAMS 0x0000000706700000, 0x0000000706700000|
| 104|0x0000000706800000, 0x00000007068ffff8, 0x0000000706900000| 99%| O|  |TS  0|AC  0|TAMS 0x0000000706800000, 0x0000000706800000|
| 105|0x0000000706900000, 0x00000007069ffff8, 0x0000000706a00000| 99%| O|  |TS  0|AC  0|TAMS 0x0000000706900000, 0x0000000706900000|
| 106|0x0000000706a00000, 0x0000000706affff0, 0x0000000706b00000| 99%| O|  |TS  0|AC  0|TAMS 0x0000000706a00000, 0x0000000706a00000|
| 107|0x0000000706b00000, 0x0000000706bffff0, 0x0000000706c00000| 99%| O|  |TS  0|AC  0|TAMS 0x0000000706b00000, 0x0000000706b00000|
| 108|0x0000000706c00000, 0x0000000706cfffe8, 0x0000000706d00000| 99%| O|  |TS  0|AC  0|TAMS 0x0000000706c00000, 0x0000000706c00000|
| 109|0x0000000706d00000, 0x0000000706dffff0, 0x0000000706e00000| 99%| O|  |TS  0|AC  0|TAMS 0x0000000706d00000, 0x0000000706d00000|
| 110|0x0000000706e00000, 0x0000000706f00000, 0x0000000706f00000|100%| O|  |TS  0|AC  0|TAMS 0x0000000706e00000, 0x0000000706e00000|
| 111|0x0000000706f00000, 0x0000000706ffff20, 0x0000000707000000| 99%| O|  |TS  0|AC  0|TAMS 0x0000000706f00000, 0x0000000706f00000|
| 112|0x0000000707000000, 0x00000007070fff80, 0x0000000707100000| 99%| O|  |TS  0|AC  0|TAMS 0x0000000707000000, 0x0000000707000000|
| 113|0x0000000707100000, 0x0000000707200000, 0x0000000707200000|100%|HS|  |TS  0|AC  0|TAMS 0x0000000707100000, 0x0000000707100000|
| 114|0x0000000707200000, 0x0000000707300000, 0x0000000707300000|100%|HS|  |TS  0|AC  0|TAMS 0x0000000707200000, 0x0000000707200000|
| 115|0x0000000707300000, 0x00000007073fc270, 0x0000000707400000| 98%| O|  |TS  0|AC  0|TAMS 0x0000000707300000, 0x0000000707300000|
| 116|0x0000000707400000, 0x00000007074ffff8, 0x0000000707500000| 99%| O|  |TS  0|AC  0|TAMS 0x0000000707400000, 0x0000000707400000|
| 117|0x0000000707500000, 0x00000007075ffff0, 0x0000000707600000| 99%| O|  |TS  0|AC  0|TAMS 0x0000000707500000, 0x0000000707500000|
| 118|0x0000000707600000, 0x00000007076ffff0, 0x0000000707700000| 99%| O|  |TS  0|AC  0|TAMS 0x0000000707600000, 0x0000000707600000|
| 119|0x0000000707700000, 0x0000000707800000, 0x0000000707800000|100%|HS|  |TS  0|AC  0|TAMS 0x0000000707700000, 0x0000000707700000|
| 120|0x0000000707800000, 0x00000007078fffe8, 0x0000000707900000| 99%| O|  |TS  0|AC  0|TAMS 0x0000000707800000, 0x0000000707800000|
| 121|0x0000000707900000, 0x00000007079fffe8, 0x0000000707a00000| 99%| O|  |TS  0|AC  0|TAMS 0x0000000707900000, 0x0000000707900000|
| 122|0x0000000707a00000, 0x0000000707afffd0, 0x0000000707b00000| 99%| O|  |TS  0|AC  0|TAMS 0x0000000707a00000, 0x0000000707a00000|
| 123|0x0000000707b00000, 0x0000000707c00000, 0x0000000707c00000|100%| O|  |TS  0|AC  0|TAMS 0x0000000707b00000, 0x0000000707b00000|
| 124|0x0000000707c00000, 0x0000000707cffed0, 0x0000000707d00000| 99%| O|  |TS  0|AC  0|TAMS 0x0000000707c00000, 0x0000000707c00000|
| 125|0x0000000707d00000, 0x0000000707dffff8, 0x0000000707e00000| 99%| O|  |TS  0|AC  0|TAMS 0x0000000707d00000, 0x0000000707d00000|
| 126|0x0000000707e00000, 0x0000000707efffe0, 0x0000000707f00000| 99%| O|  |TS  0|AC  0|TAMS 0x0000000707e00000, 0x0000000707e00000|
| 127|0x0000000707f00000, 0x0000000707ffffe8, 0x0000000708000000| 99%| O|  |TS  0|AC  0|TAMS 0x0000000707f00000, 0x0000000707f00000|
| 128|0x0000000708000000, 0x00000007080ffff0, 0x0000000708100000| 99%| O|  |TS  0|AC  0|TAMS 0x0000000708000000, 0x0000000708000000|
| 129|0x0000000708100000, 0x0000000708200000, 0x0000000708200000|100%| O|  |TS  0|AC  0|TAMS 0x0000000708100000, 0x0000000708100000|
| 130|0x0000000708200000, 0x00000007082ec738, 0x0000000708300000| 92%| O|  |TS  0|AC  0|TAMS 0x0000000708200000, 0x0000000708200000|
| 131|0x0000000708300000, 0x00000007083fffe0, 0x0000000708400000| 99%| O|  |TS  0|AC  0|TAMS 0x0000000708300000, 0x0000000708300000|
| 132|0x0000000708400000, 0x00000007084ffff8, 0x0000000708500000| 99%| O|  |TS  0|AC  0|TAMS 0x0000000708400000, 0x0000000708400000|
| 133|0x0000000708500000, 0x00000007085fffe8, 0x0000000708600000| 99%| O|  |TS  0|AC  0|TAMS 0x0000000708500000, 0x0000000708500000|
| 134|0x0000000708600000, 0x0000000708700000, 0x0000000708700000|100%| O|  |TS  0|AC  0|TAMS 0x0000000708600000, 0x0000000708600000|
| 135|0x0000000708700000, 0x00000007087a6430, 0x0000000708800000| 64%| O|  |TS  0|AC  0|TAMS 0x0000000708700000, 0x0000000708700000|
| 136|0x0000000708800000, 0x0000000708900000, 0x0000000708900000|100%|HS|  |TS  0|AC  0|TAMS 0x0000000708800000, 0x0000000708800000|
| 137|0x0000000708900000, 0x0000000708900000, 0x0000000708a00000|  0%| F|  |TS  0|AC  0|TAMS 0x0000000708900000, 0x0000000708900000|
| 138|0x0000000708a00000, 0x0000000708b00000, 0x0000000708b00000|100%|HS|  |TS  0|AC  0|TAMS 0x0000000708a00000, 0x0000000708a00000|
| 139|0x0000000708b00000, 0x0000000708b00000, 0x0000000708c00000|  0%| F|  |TS  0|AC  0|TAMS 0x0000000708b00000, 0x0000000708b00000|
| 140|0x0000000708c00000, 0x0000000708c00000, 0x0000000708d00000|  0%| F|  |TS  0|AC  0|TAMS 0x0000000708c00000, 0x0000000708c00000|
| 141|0x0000000708d00000, 0x0000000708e00000, 0x0000000708e00000|100%|HS|  |TS  0|AC  0|TAMS 0x0000000708d00000, 0x0000000708d00000|
| 142|0x0000000708e00000, 0x0000000708f00000, 0x0000000708f00000|100%|HC|  |TS  0|AC  0|TAMS 0x0000000708e00000, 0x0000000708e00000|
| 143|0x0000000708f00000, 0x0000000709000000, 0x0000000709000000|100%|HC|  |TS  0|AC  0|TAMS 0x0000000708f00000, 0x0000000708f00000|
| 144|0x0000000709000000, 0x0000000709100000, 0x0000000709100000|100%|HC|  |TS  0|AC  0|TAMS 0x0000000709000000, 0x0000000709000000|
| 145|0x0000000709100000, 0x0000000709200000, 0x0000000709200000|100%|HC|  |TS  0|AC  0|TAMS 0x0000000709100000, 0x0000000709100000|
| 146|0x0000000709200000, 0x0000000709300000, 0x0000000709300000|100%|HC|  |TS  0|AC  0|TAMS 0x0000000709200000, 0x0000000709200000|
| 147|0x0000000709300000, 0x0000000709400000, 0x0000000709400000|100%|HC|  |TS  0|AC  0|TAMS 0x0000000709300000, 0x0000000709300000|
| 148|0x0000000709400000, 0x0000000709500000, 0x0000000709500000|100%|HC|  |TS  0|AC  0|TAMS 0x0000000709400000, 0x0000000709400000|
| 149|0x0000000709500000, 0x0000000709600000, 0x0000000709600000|100%|HS|  |TS  0|AC  0|TAMS 0x0000000709500000, 0x0000000709500000|
| 150|0x0000000709600000, 0x0000000709700000, 0x0000000709700000|100%|HC|  |TS  0|AC  0|TAMS 0x0000000709600000, 0x0000000709600000|
| 151|0x0000000709700000, 0x0000000709800000, 0x0000000709800000|100%|HC|  |TS  0|AC  0|TAMS 0x0000000709700000, 0x0000000709700000|
| 152|0x0000000709800000, 0x0000000709800000, 0x0000000709900000|  0%| F|  |TS  0|AC  0|TAMS 0x0000000709800000, 0x0000000709800000|
| 153|0x0000000709900000, 0x0000000709900000, 0x0000000709a00000|  0%| F|  |TS  0|AC  0|TAMS 0x0000000709900000, 0x0000000709900000|
| 154|0x0000000709a00000, 0x0000000709a00000, 0x0000000709b00000|  0%| F|  |TS  0|AC  0|TAMS 0x0000000709a00000, 0x0000000709a00000|
| 155|0x0000000709b00000, 0x0000000709b00000, 0x0000000709c00000|  0%| F|  |TS  0|AC  0|TAMS 0x0000000709b00000, 0x0000000709b00000|
| 156|0x0000000709c00000, 0x0000000709d00000, 0x0000000709d00000|100%|HS|  |TS  0|AC  0|TAMS 0x0000000709c00000, 0x0000000709c00000|
| 157|0x0000000709d00000, 0x0000000709e00000, 0x0000000709e00000|100%|HC|  |TS  0|AC  0|TAMS 0x0000000709d00000, 0x0000000709d00000|
| 158|0x0000000709e00000, 0x0000000709e00000, 0x0000000709f00000|  0%| F|  |TS  0|AC  0|TAMS 0x0000000709e00000, 0x0000000709e00000|
| 159|0x0000000709f00000, 0x000000070a000000, 0x000000070a000000|100%|HS|  |TS  0|AC  0|TAMS 0x0000000709f00000, 0x0000000709f00000|
| 160|0x000000070a000000, 0x000000070a100000, 0x000000070a100000|100%|HC|  |TS  0|AC  0|TAMS 0x000000070a000000, 0x000000070a000000|
| 161|0x000000070a100000, 0x000000070a100000, 0x000000070a200000|  0%| F|  |TS  0|AC  0|TAMS 0x000000070a100000, 0x000000070a100000|
| 162|0x000000070a200000, 0x000000070a200000, 0x000000070a300000|  0%| F|  |TS  0|AC  0|TAMS 0x000000070a200000, 0x000000070a200000|
| 163|0x000000070a300000, 0x000000070a300000, 0x000000070a400000|  0%| F|  |TS  0|AC  0|TAMS 0x000000070a300000, 0x000000070a300000|
| 164|0x000000070a400000, 0x000000070a400000, 0x000000070a500000|  0%| F|  |TS  0|AC  0|TAMS 0x000000070a400000, 0x000000070a400000|
| 165|0x000000070a500000, 0x000000070a500000, 0x000000070a600000|  0%| F|  |TS  0|AC  0|TAMS 0x000000070a500000, 0x000000070a500000|
| 166|0x000000070a600000, 0x000000070a600000, 0x000000070a700000|  0%| F|  |TS  0|AC  0|TAMS 0x000000070a600000, 0x000000070a600000|
| 167|0x000000070a700000, 0x000000070a700000, 0x000000070a800000|  0%| F|  |TS  0|AC  0|TAMS 0x000000070a700000, 0x000000070a700000|
| 168|0x000000070a800000, 0x000000070a800000, 0x000000070a900000|  0%| F|  |TS  0|AC  0|TAMS 0x000000070a800000, 0x000000070a800000|
| 169|0x000000070a900000, 0x000000070a900000, 0x000000070aa00000|  0%| F|  |TS  0|AC  0|TAMS 0x000000070a900000, 0x000000070a900000|
| 170|0x000000070aa00000, 0x000000070aa00000, 0x000000070ab00000|  0%| F|  |TS  0|AC  0|TAMS 0x000000070aa00000, 0x000000070aa00000|
| 171|0x000000070ab00000, 0x000000070ab00000, 0x000000070ac00000|  0%| F|  |TS  0|AC  0|TAMS 0x000000070ab00000, 0x000000070ab00000|
| 172|0x000000070ac00000, 0x000000070ac00000, 0x000000070ad00000|  0%| F|  |TS  0|AC  0|TAMS 0x000000070ac00000, 0x000000070ac00000|
| 173|0x000000070ad00000, 0x000000070ad00000, 0x000000070ae00000|  0%| F|  |TS  0|AC  0|TAMS 0x000000070ad00000, 0x000000070ad00000|
| 174|0x000000070ae00000, 0x000000070ae00000, 0x000000070af00000|  0%| F|  |TS  0|AC  0|TAMS 0x000000070ae00000, 0x000000070ae00000|
| 175|0x000000070af00000, 0x000000070af00000, 0x000000070b000000|  0%| F|  |TS  0|AC  0|TAMS 0x000000070af00000, 0x000000070af00000|
| 176|0x000000070b000000, 0x000000070b000000, 0x000000070b100000|  0%| F|  |TS  0|AC  0|TAMS 0x000000070b000000, 0x000000070b000000|
| 177|0x000000070b100000, 0x000000070b100000, 0x000000070b200000|  0%| F|  |TS  0|AC  0|TAMS 0x000000070b100000, 0x000000070b100000|
| 178|0x000000070b200000, 0x000000070b200000, 0x000000070b300000|  0%| F|  |TS  0|AC  0|TAMS 0x000000070b200000, 0x000000070b200000|
| 179|0x000000070b300000, 0x000000070b300000, 0x000000070b400000|  0%| F|  |TS  0|AC  0|TAMS 0x000000070b300000, 0x000000070b300000|
| 180|0x000000070b400000, 0x000000070b400000, 0x000000070b500000|  0%| F|  |TS  0|AC  0|TAMS 0x000000070b400000, 0x000000070b400000|
| 181|0x000000070b500000, 0x000000070b500000, 0x000000070b600000|  0%| F|  |TS  0|AC  0|TAMS 0x000000070b500000, 0x000000070b500000|
| 182|0x000000070b600000, 0x000000070b600000, 0x000000070b700000|  0%| F|  |TS  0|AC  0|TAMS 0x000000070b600000, 0x000000070b600000|
| 183|0x000000070b700000, 0x000000070b700000, 0x000000070b800000|  0%| F|  |TS  0|AC  0|TAMS 0x000000070b700000, 0x000000070b700000|
| 184|0x000000070b800000, 0x000000070b800000, 0x000000070b900000|  0%| F|  |TS  0|AC  0|TAMS 0x000000070b800000, 0x000000070b800000|
| 185|0x000000070b900000, 0x000000070b900000, 0x000000070ba00000|  0%| F|  |TS  0|AC  0|TAMS 0x000000070b900000, 0x000000070b900000|
| 186|0x000000070ba00000, 0x000000070ba00000, 0x000000070bb00000|  0%| F|  |TS  0|AC  0|TAMS 0x000000070ba00000, 0x000000070ba00000|
| 187|0x000000070bb00000, 0x000000070bb00000, 0x000000070bc00000|  0%| F|  |TS  0|AC  0|TAMS 0x000000070bb00000, 0x000000070bb00000|
| 188|0x000000070bc00000, 0x000000070bc00000, 0x000000070bd00000|  0%| F|  |TS  0|AC  0|TAMS 0x000000070bc00000, 0x000000070bc00000|
| 189|0x000000070bd00000, 0x000000070bd00000, 0x000000070be00000|  0%| F|  |TS  0|AC  0|TAMS 0x000000070bd00000, 0x000000070bd00000|
| 190|0x000000070be00000, 0x000000070be00000, 0x000000070bf00000|  0%| F|  |TS  0|AC  0|TAMS 0x000000070be00000, 0x000000070be00000|
| 191|0x000000070bf00000, 0x000000070bf00000, 0x000000070c000000|  0%| F|  |TS  0|AC  0|TAMS 0x000000070bf00000, 0x000000070bf00000|
| 192|0x000000070c000000, 0x000000070c000000, 0x000000070c100000|  0%| F|  |TS  0|AC  0|TAMS 0x000000070c000000, 0x000000070c000000|
| 193|0x000000070c100000, 0x000000070c100000, 0x000000070c200000|  0%| F|  |TS  0|AC  0|TAMS 0x000000070c100000, 0x000000070c100000|
| 194|0x000000070c200000, 0x000000070c200000, 0x000000070c300000|  0%| F|  |TS  0|AC  0|TAMS 0x000000070c200000, 0x000000070c200000|
| 195|0x000000070c300000, 0x000000070c300000, 0x000000070c400000|  0%| F|  |TS  0|AC  0|TAMS 0x000000070c300000, 0x000000070c300000|
| 196|0x000000070c400000, 0x000000070c400000, 0x000000070c500000|  0%| F|  |TS  0|AC  0|TAMS 0x000000070c400000, 0x000000070c400000|
| 197|0x000000070c500000, 0x000000070c500000, 0x000000070c600000|  0%| F|  |TS  0|AC  0|TAMS 0x000000070c500000, 0x000000070c500000|
| 198|0x000000070c600000, 0x000000070c600000, 0x000000070c700000|  0%| F|  |TS  0|AC  0|TAMS 0x000000070c600000, 0x000000070c600000|
| 199|0x000000070c700000, 0x000000070c700000, 0x000000070c800000|  0%| F|  |TS  0|AC  0|TAMS 0x000000070c700000, 0x000000070c700000|
| 200|0x000000070c800000, 0x000000070c800000, 0x000000070c900000|  0%| F|  |TS  0|AC  0|TAMS 0x000000070c800000, 0x000000070c800000|
| 201|0x000000070c900000, 0x000000070c900000, 0x000000070ca00000|  0%| F|  |TS  0|AC  0|TAMS 0x000000070c900000, 0x000000070c900000|
| 202|0x000000070ca00000, 0x000000070ca00000, 0x000000070cb00000|  0%| F|  |TS  0|AC  0|TAMS 0x000000070ca00000, 0x000000070ca00000|
| 203|0x000000070cb00000, 0x000000070cb00000, 0x000000070cc00000|  0%| F|  |TS  0|AC  0|TAMS 0x000000070cb00000, 0x000000070cb00000|
| 204|0x000000070cc00000, 0x000000070cc00000, 0x000000070cd00000|  0%| F|  |TS  0|AC  0|TAMS 0x000000070cc00000, 0x000000070cc00000|
| 205|0x000000070cd00000, 0x000000070cd00000, 0x000000070ce00000|  0%| F|  |TS  0|AC  0|TAMS 0x000000070cd00000, 0x000000070cd00000|
| 206|0x000000070ce00000, 0x000000070ce00000, 0x000000070cf00000|  0%| F|  |TS  0|AC  0|TAMS 0x000000070ce00000, 0x000000070ce00000|
| 207|0x000000070cf00000, 0x000000070cf00000, 0x000000070d000000|  0%| F|  |TS  0|AC  0|TAMS 0x000000070cf00000, 0x000000070cf00000|
| 208|0x000000070d000000, 0x000000070d000000, 0x000000070d100000|  0%| F|  |TS  0|AC  0|TAMS 0x000000070d000000, 0x000000070d000000|
| 209|0x000000070d100000, 0x000000070d100000, 0x000000070d200000|  0%| F|  |TS  0|AC  0|TAMS 0x000000070d100000, 0x000000070d100000|
| 210|0x000000070d200000, 0x000000070d200000, 0x000000070d300000|  0%| F|  |TS  0|AC  0|TAMS 0x000000070d200000, 0x000000070d200000|
| 211|0x000000070d300000, 0x000000070d300000, 0x000000070d400000|  0%| F|  |TS  0|AC  0|TAMS 0x000000070d300000, 0x000000070d300000|
| 212|0x000000070d400000, 0x000000070d400000, 0x000000070d500000|  0%| F|  |TS  0|AC  0|TAMS 0x000000070d400000, 0x000000070d400000|
| 213|0x000000070d500000, 0x000000070d500000, 0x000000070d600000|  0%| F|  |TS  0|AC  0|TAMS 0x000000070d500000, 0x000000070d500000|
| 214|0x000000070d600000, 0x000000070d600000, 0x000000070d700000|  0%| F|  |TS  0|AC  0|TAMS 0x000000070d600000, 0x000000070d600000|
| 215|0x000000070d700000, 0x000000070d700000, 0x000000070d800000|  0%| F|  |TS  0|AC  0|TAMS 0x000000070d700000, 0x000000070d700000|
| 216|0x000000070d800000, 0x000000070d800000, 0x000000070d900000|  0%| F|  |TS  0|AC  0|TAMS 0x000000070d800000, 0x000000070d800000|
| 217|0x000000070d900000, 0x000000070d900000, 0x000000070da00000|  0%| F|  |TS  0|AC  0|TAMS 0x000000070d900000, 0x000000070d900000|
| 218|0x000000070da00000, 0x000000070da00000, 0x000000070db00000|  0%| F|  |TS  0|AC  0|TAMS 0x000000070da00000, 0x000000070da00000|
| 219|0x000000070db00000, 0x000000070db00000, 0x000000070dc00000|  0%| F|  |TS  0|AC  0|TAMS 0x000000070db00000, 0x000000070db00000|
| 220|0x000000070dc00000, 0x000000070dc00000, 0x000000070dd00000|  0%| F|  |TS  0|AC  0|TAMS 0x000000070dc00000, 0x000000070dc00000|
| 221|0x000000070dd00000, 0x000000070dd00000, 0x000000070de00000|  0%| F|  |TS  0|AC  0|TAMS 0x000000070dd00000, 0x000000070dd00000|
| 222|0x000000070de00000, 0x000000070de00000, 0x000000070df00000|  0%| F|  |TS  0|AC  0|TAMS 0x000000070de00000, 0x000000070de00000|
| 223|0x000000070df00000, 0x000000070df00000, 0x000000070e000000|  0%| F|  |TS  0|AC  0|TAMS 0x000000070df00000, 0x000000070df00000|
| 224|0x000000070e000000, 0x000000070e000000, 0x000000070e100000|  0%| F|  |TS  0|AC  0|TAMS 0x000000070e000000, 0x000000070e000000|
| 225|0x000000070e100000, 0x000000070e100000, 0x000000070e200000|  0%| F|  |TS  0|AC  0|TAMS 0x000000070e100000, 0x000000070e100000|
| 226|0x000000070e200000, 0x000000070e200000, 0x000000070e300000|  0%| F|  |TS  0|AC  0|TAMS 0x000000070e200000, 0x000000070e200000|
| 227|0x000000070e300000, 0x000000070e300000, 0x000000070e400000|  0%| F|  |TS  0|AC  0|TAMS 0x000000070e300000, 0x000000070e300000|
| 228|0x000000070e400000, 0x000000070e400000, 0x000000070e500000|  0%| F|  |TS  0|AC  0|TAMS 0x000000070e400000, 0x000000070e400000|
| 229|0x000000070e500000, 0x000000070e500000, 0x000000070e600000|  0%| F|  |TS  0|AC  0|TAMS 0x000000070e500000, 0x000000070e500000|
| 230|0x000000070e600000, 0x000000070e600000, 0x000000070e700000|  0%| F|  |TS  0|AC  0|TAMS 0x000000070e600000, 0x000000070e600000|
| 231|0x000000070e700000, 0x000000070e700000, 0x000000070e800000|  0%| F|  |TS  0|AC  0|TAMS 0x000000070e700000, 0x000000070e700000|
| 232|0x000000070e800000, 0x000000070e800000, 0x000000070e900000|  0%| F|  |TS  0|AC  0|TAMS 0x000000070e800000, 0x000000070e800000|
| 233|0x000000070e900000, 0x000000070e900000, 0x000000070ea00000|  0%| F|  |TS  0|AC  0|TAMS 0x000000070e900000, 0x000000070e900000|
| 234|0x000000070ea00000, 0x000000070ea00000, 0x000000070eb00000|  0%| F|  |TS  0|AC  0|TAMS 0x000000070ea00000, 0x000000070ea00000|
| 235|0x000000070eb00000, 0x000000070eb00000, 0x000000070ec00000|  0%| F|  |TS  0|AC  0|TAMS 0x000000070eb00000, 0x000000070eb00000|
| 236|0x000000070ec00000, 0x000000070ec00000, 0x000000070ed00000|  0%| F|  |TS  0|AC  0|TAMS 0x000000070ec00000, 0x000000070ec00000|
| 237|0x000000070ed00000, 0x000000070ed00000, 0x000000070ee00000|  0%| F|  |TS  0|AC  0|TAMS 0x000000070ed00000, 0x000000070ed00000|
| 238|0x000000070ee00000, 0x000000070ee00000, 0x000000070ef00000|  0%| F|  |TS  0|AC  0|TAMS 0x000000070ee00000, 0x000000070ee00000|
| 239|0x000000070ef00000, 0x000000070ef00000, 0x000000070f000000|  0%| F|  |TS  0|AC  0|TAMS 0x000000070ef00000, 0x000000070ef00000|
| 240|0x000000070f000000, 0x000000070f000000, 0x000000070f100000|  0%| F|  |TS  0|AC  0|TAMS 0x000000070f000000, 0x000000070f000000|
| 241|0x000000070f100000, 0x000000070f100000, 0x000000070f200000|  0%| F|  |TS  0|AC  0|TAMS 0x000000070f100000, 0x000000070f100000|
| 242|0x000000070f200000, 0x000000070f200000, 0x000000070f300000|  0%| F|  |TS  0|AC  0|TAMS 0x000000070f200000, 0x000000070f200000|
| 243|0x000000070f300000, 0x000000070f300000, 0x000000070f400000|  0%| F|  |TS  0|AC  0|TAMS 0x000000070f300000, 0x000000070f300000|
| 244|0x000000070f400000, 0x000000070f400000, 0x000000070f500000|  0%| F|  |TS  0|AC  0|TAMS 0x000000070f400000, 0x000000070f400000|
| 245|0x000000070f500000, 0x000000070f500000, 0x000000070f600000|  0%| F|  |TS  0|AC  0|TAMS 0x000000070f500000, 0x000000070f500000|
| 246|0x000000070f600000, 0x000000070f600000, 0x000000070f700000|  0%| F|  |TS  0|AC  0|TAMS 0x000000070f600000, 0x000000070f600000|
| 247|0x000000070f700000, 0x000000070f700000, 0x000000070f800000|  0%| F|  |TS  0|AC  0|TAMS 0x000000070f700000, 0x000000070f700000|
| 248|0x000000070f800000, 0x000000070f800000, 0x000000070f900000|  0%| F|  |TS  0|AC  0|TAMS 0x000000070f800000, 0x000000070f800000|
| 249|0x000000070f900000, 0x000000070f900000, 0x000000070fa00000|  0%| F|  |TS  0|AC  0|TAMS 0x000000070f900000, 0x000000070f900000|
| 250|0x000000070fa00000, 0x000000070fa00000, 0x000000070fb00000|  0%| F|  |TS  0|AC  0|TAMS 0x000000070fa00000, 0x000000070fa00000|
| 251|0x000000070fb00000, 0x000000070fb00000, 0x000000070fc00000|  0%| F|  |TS  0|AC  0|TAMS 0x000000070fb00000, 0x000000070fb00000|
| 252|0x000000070fc00000, 0x000000070fc00000, 0x000000070fd00000|  0%| F|  |TS  0|AC  0|TAMS 0x000000070fc00000, 0x000000070fc00000|
| 253|0x000000070fd00000, 0x000000070fd00000, 0x000000070fe00000|  0%| F|  |TS  0|AC  0|TAMS 0x000000070fd00000, 0x000000070fd00000|
| 254|0x000000070fe00000, 0x000000070fe00000, 0x000000070ff00000|  0%| F|  |TS  0|AC  0|TAMS 0x000000070fe00000, 0x000000070fe00000|
| 255|0x000000070ff00000, 0x000000070ff00000, 0x0000000710000000|  0%| F|  |TS  0|AC  0|TAMS 0x000000070ff00000, 0x000000070ff00000|
| 256|0x0000000710000000, 0x0000000710000000, 0x0000000710100000|  0%| F|  |TS  0|AC  0|TAMS 0x0000000710000000, 0x0000000710000000|
| 257|0x0000000710100000, 0x0000000710100000, 0x0000000710200000|  0%| F|  |TS  0|AC  0|TAMS 0x0000000710100000, 0x0000000710100000|
| 258|0x0000000710200000, 0x0000000710200000, 0x0000000710300000|  0%| F|  |TS  0|AC  0|TAMS 0x0000000710200000, 0x0000000710200000|
| 259|0x0000000710300000, 0x0000000710300000, 0x0000000710400000|  0%| F|  |TS  0|AC  0|TAMS 0x0000000710300000, 0x0000000710300000|
| 260|0x0000000710400000, 0x0000000710400000, 0x0000000710500000|  0%| F|  |TS  0|AC  0|TAMS 0x0000000710400000, 0x0000000710400000|
| 261|0x0000000710500000, 0x0000000710500000, 0x0000000710600000|  0%| F|  |TS  0|AC  0|TAMS 0x0000000710500000, 0x0000000710500000|
| 262|0x0000000710600000, 0x0000000710600000, 0x0000000710700000|  0%| F|  |TS  0|AC  0|TAMS 0x0000000710600000, 0x0000000710600000|
| 263|0x0000000710700000, 0x0000000710700000, 0x0000000710800000|  0%| F|  |TS  0|AC  0|TAMS 0x0000000710700000, 0x0000000710700000|
| 264|0x0000000710800000, 0x0000000710800000, 0x0000000710900000|  0%| F|  |TS  0|AC  0|TAMS 0x0000000710800000, 0x0000000710800000|
| 265|0x0000000710900000, 0x0000000710900000, 0x0000000710a00000|  0%| F|  |TS  0|AC  0|TAMS 0x0000000710900000, 0x0000000710900000|
| 266|0x0000000710a00000, 0x0000000710a00000, 0x0000000710b00000|  0%| F|  |TS  0|AC  0|TAMS 0x0000000710a00000, 0x0000000710a00000|
| 267|0x0000000710b00000, 0x0000000710b00000, 0x0000000710c00000|  0%| F|  |TS  0|AC  0|TAMS 0x0000000710b00000, 0x0000000710b00000|
| 268|0x0000000710c00000, 0x0000000710c00000, 0x0000000710d00000|  0%| F|  |TS  0|AC  0|TAMS 0x0000000710c00000, 0x0000000710c00000|
| 269|0x0000000710d00000, 0x0000000710d00000, 0x0000000710e00000|  0%| F|  |TS  0|AC  0|TAMS 0x0000000710d00000, 0x0000000710d00000|
| 270|0x0000000710e00000, 0x0000000710e00000, 0x0000000710f00000|  0%| F|  |TS  0|AC  0|TAMS 0x0000000710e00000, 0x0000000710e00000|
| 271|0x0000000710f00000, 0x0000000710f00000, 0x0000000711000000|  0%| F|  |TS  0|AC  0|TAMS 0x0000000710f00000, 0x0000000710f00000|
| 272|0x0000000711000000, 0x0000000711000000, 0x0000000711100000|  0%| F|  |TS  0|AC  0|TAMS 0x0000000711000000, 0x0000000711000000|
| 273|0x0000000711100000, 0x0000000711100000, 0x0000000711200000|  0%| F|  |TS  0|AC  0|TAMS 0x0000000711100000, 0x0000000711100000|
| 274|0x0000000711200000, 0x0000000711200000, 0x0000000711300000|  0%| F|  |TS  0|AC  0|TAMS 0x0000000711200000, 0x0000000711200000|
| 275|0x0000000711300000, 0x0000000711300000, 0x0000000711400000|  0%| F|  |TS  0|AC  0|TAMS 0x0000000711300000, 0x0000000711300000|
| 276|0x0000000711400000, 0x0000000711400000, 0x0000000711500000|  0%| F|  |TS  0|AC  0|TAMS 0x0000000711400000, 0x0000000711400000|
| 277|0x0000000711500000, 0x0000000711500000, 0x0000000711600000|  0%| F|  |TS  0|AC  0|TAMS 0x0000000711500000, 0x0000000711500000|
| 278|0x0000000711600000, 0x0000000711600000, 0x0000000711700000|  0%| F|  |TS  0|AC  0|TAMS 0x0000000711600000, 0x0000000711600000|
| 279|0x0000000711700000, 0x0000000711700000, 0x0000000711800000|  0%| F|  |TS  0|AC  0|TAMS 0x0000000711700000, 0x0000000711700000|
| 280|0x0000000711800000, 0x0000000711800000, 0x0000000711900000|  0%| F|  |TS  0|AC  0|TAMS 0x0000000711800000, 0x0000000711800000|
| 281|0x0000000711900000, 0x0000000711900000, 0x0000000711a00000|  0%| F|  |TS  0|AC  0|TAMS 0x0000000711900000, 0x0000000711900000|
| 282|0x0000000711a00000, 0x0000000711a00000, 0x0000000711b00000|  0%| F|  |TS  0|AC  0|TAMS 0x0000000711a00000, 0x0000000711a00000|
| 283|0x0000000711b00000, 0x0000000711b00000, 0x0000000711c00000|  0%| F|  |TS  0|AC  0|TAMS 0x0000000711b00000, 0x0000000711b00000|
| 284|0x0000000711c00000, 0x0000000711c00000, 0x0000000711d00000|  0%| F|  |TS  0|AC  0|TAMS 0x0000000711c00000, 0x0000000711c00000|
| 285|0x0000000711d00000, 0x0000000711d00000, 0x0000000711e00000|  0%| F|  |TS  0|AC  0|TAMS 0x0000000711d00000, 0x0000000711d00000|
| 286|0x0000000711e00000, 0x0000000711e00000, 0x0000000711f00000|  0%| F|  |TS  0|AC  0|TAMS 0x0000000711e00000, 0x0000000711e00000|
| 287|0x0000000711f00000, 0x0000000711f00000, 0x0000000712000000|  0%| F|  |TS  0|AC  0|TAMS 0x0000000711f00000, 0x0000000711f00000|
| 288|0x0000000712000000, 0x0000000712000000, 0x0000000712100000|  0%| F|  |TS  0|AC  0|TAMS 0x0000000712000000, 0x0000000712000000|
| 289|0x0000000712100000, 0x0000000712100000, 0x0000000712200000|  0%| F|  |TS  0|AC  0|TAMS 0x0000000712100000, 0x0000000712100000|
| 290|0x0000000712200000, 0x0000000712200000, 0x0000000712300000|  0%| F|  |TS  0|AC  0|TAMS 0x0000000712200000, 0x0000000712200000|
| 291|0x0000000712300000, 0x0000000712300000, 0x0000000712400000|  0%| F|  |TS  0|AC  0|TAMS 0x0000000712300000, 0x0000000712300000|
| 292|0x0000000712400000, 0x0000000712400000, 0x0000000712500000|  0%| F|  |TS  0|AC  0|TAMS 0x0000000712400000, 0x0000000712400000|
| 293|0x0000000712500000, 0x0000000712500000, 0x0000000712600000|  0%| F|  |TS  0|AC  0|TAMS 0x0000000712500000, 0x0000000712500000|
| 294|0x0000000712600000, 0x0000000712600000, 0x0000000712700000|  0%| F|  |TS  0|AC  0|TAMS 0x0000000712600000, 0x0000000712600000|
| 295|0x0000000712700000, 0x0000000712700000, 0x0000000712800000|  0%| F|  |TS  0|AC  0|TAMS 0x0000000712700000, 0x0000000712700000|
| 296|0x0000000712800000, 0x0000000712800000, 0x0000000712900000|  0%| F|  |TS  0|AC  0|TAMS 0x0000000712800000, 0x0000000712800000|
| 297|0x0000000712900000, 0x0000000712900000, 0x0000000712a00000|  0%| F|  |TS  0|AC  0|TAMS 0x0000000712900000, 0x0000000712900000|
| 298|0x0000000712a00000, 0x0000000712a00000, 0x0000000712b00000|  0%| F|  |TS  0|AC  0|TAMS 0x0000000712a00000, 0x0000000712a00000|
| 299|0x0000000712b00000, 0x0000000712b00000, 0x0000000712c00000|  0%| F|  |TS  0|AC  0|TAMS 0x0000000712b00000, 0x0000000712b00000|
| 300|0x0000000712c00000, 0x0000000712c00000, 0x0000000712d00000|  0%| F|  |TS  0|AC  0|TAMS 0x0000000712c00000, 0x0000000712c00000|
| 301|0x0000000712d00000, 0x0000000712d00000, 0x0000000712e00000|  0%| F|  |TS  0|AC  0|TAMS 0x0000000712d00000, 0x0000000712d00000|
| 302|0x0000000712e00000, 0x0000000712e00000, 0x0000000712f00000|  0%| F|  |TS  0|AC  0|TAMS 0x0000000712e00000, 0x0000000712e00000|
| 303|0x0000000712f00000, 0x0000000712f00000, 0x0000000713000000|  0%| F|  |TS  0|AC  0|TAMS 0x0000000712f00000, 0x0000000712f00000|
| 304|0x0000000713000000, 0x0000000713000000, 0x0000000713100000|  0%| F|  |TS  0|AC  0|TAMS 0x0000000713000000, 0x0000000713000000|
| 305|0x0000000713100000, 0x0000000713100000, 0x0000000713200000|  0%| F|  |TS  0|AC  0|TAMS 0x0000000713100000, 0x0000000713100000|
| 306|0x0000000713200000, 0x0000000713200000, 0x0000000713300000|  0%| F|  |TS  0|AC  0|TAMS 0x0000000713200000, 0x0000000713200000|
| 307|0x0000000713300000, 0x0000000713300000, 0x0000000713400000|  0%| F|  |TS  0|AC  0|TAMS 0x0000000713300000, 0x0000000713300000|
| 308|0x0000000713400000, 0x0000000713400000, 0x0000000713500000|  0%| F|  |TS  0|AC  0|TAMS 0x0000000713400000, 0x0000000713400000|
| 309|0x0000000713500000, 0x0000000713500000, 0x0000000713600000|  0%| F|  |TS  0|AC  0|TAMS 0x0000000713500000, 0x0000000713500000|
| 310|0x0000000713600000, 0x0000000713600000, 0x0000000713700000|  0%| F|  |TS  0|AC  0|TAMS 0x0000000713600000, 0x0000000713600000|
| 311|0x0000000713700000, 0x0000000713700000, 0x0000000713800000|  0%| F|  |TS  0|AC  0|TAMS 0x0000000713700000, 0x0000000713700000|
| 312|0x0000000713800000, 0x0000000713800000, 0x0000000713900000|  0%| F|  |TS  0|AC  0|TAMS 0x0000000713800000, 0x0000000713800000|
| 313|0x0000000713900000, 0x0000000713900000, 0x0000000713a00000|  0%| F|  |TS  0|AC  0|TAMS 0x0000000713900000, 0x0000000713900000|
| 314|0x0000000713a00000, 0x0000000713a00000, 0x0000000713b00000|  0%| F|  |TS  0|AC  0|TAMS 0x0000000713a00000, 0x0000000713a00000|
| 315|0x0000000713b00000, 0x0000000713b00000, 0x0000000713c00000|  0%| F|  |TS  0|AC  0|TAMS 0x0000000713b00000, 0x0000000713b00000|
| 316|0x0000000713c00000, 0x0000000713c00000, 0x0000000713d00000|  0%| F|  |TS  0|AC  0|TAMS 0x0000000713c00000, 0x0000000713c00000|
| 317|0x0000000713d00000, 0x0000000713d00000, 0x0000000713e00000|  0%| F|  |TS  0|AC  0|TAMS 0x0000000713d00000, 0x0000000713d00000|
| 318|0x0000000713e00000, 0x0000000713e00000, 0x0000000713f00000|  0%| F|  |TS  0|AC  0|TAMS 0x0000000713e00000, 0x0000000713e00000|
| 319|0x0000000713f00000, 0x0000000713f00000, 0x0000000714000000|  0%| F|  |TS  0|AC  0|TAMS 0x0000000713f00000, 0x0000000713f00000|
| 320|0x0000000714000000, 0x0000000714000000, 0x0000000714100000|  0%| F|  |TS  0|AC  0|TAMS 0x0000000714000000, 0x0000000714000000|
| 321|0x0000000714100000, 0x0000000714100000, 0x0000000714200000|  0%| F|  |TS  0|AC  0|TAMS 0x0000000714100000, 0x0000000714100000|
| 322|0x0000000714200000, 0x0000000714200000, 0x0000000714300000|  0%| F|  |TS  0|AC  0|TAMS 0x0000000714200000, 0x0000000714200000|
| 323|0x0000000714300000, 0x0000000714300000, 0x0000000714400000|  0%| F|  |TS  0|AC  0|TAMS 0x0000000714300000, 0x0000000714300000|
| 324|0x0000000714400000, 0x0000000714400000, 0x0000000714500000|  0%| F|  |TS  0|AC  0|TAMS 0x0000000714400000, 0x0000000714400000|
| 325|0x0000000714500000, 0x0000000714500000, 0x0000000714600000|  0%| F|  |TS  0|AC  0|TAMS 0x0000000714500000, 0x0000000714500000|
| 326|0x0000000714600000, 0x0000000714600000, 0x0000000714700000|  0%| F|  |TS  0|AC  0|TAMS 0x0000000714600000, 0x0000000714600000|
| 327|0x0000000714700000, 0x0000000714700000, 0x0000000714800000|  0%| F|  |TS  0|AC  0|TAMS 0x0000000714700000, 0x0000000714700000|
| 328|0x0000000714800000, 0x0000000714800000, 0x0000000714900000|  0%| F|  |TS  0|AC  0|TAMS 0x0000000714800000, 0x0000000714800000|
| 329|0x0000000714900000, 0x0000000714900000, 0x0000000714a00000|  0%| F|  |TS  0|AC  0|TAMS 0x0000000714900000, 0x0000000714900000|
| 330|0x0000000714a00000, 0x0000000714a00000, 0x0000000714b00000|  0%| F|  |TS  0|AC  0|TAMS 0x0000000714a00000, 0x0000000714a00000|
| 331|0x0000000714b00000, 0x0000000714b00000, 0x0000000714c00000|  0%| F|  |TS  0|AC  0|TAMS 0x0000000714b00000, 0x0000000714b00000|
| 332|0x0000000714c00000, 0x0000000714c00000, 0x0000000714d00000|  0%| F|  |TS  0|AC  0|TAMS 0x0000000714c00000, 0x0000000714c00000|
| 333|0x0000000714d00000, 0x0000000714d00000, 0x0000000714e00000|  0%| F|  |TS  0|AC  0|TAMS 0x0000000714d00000, 0x0000000714d00000|
| 334|0x0000000714e00000, 0x0000000714e00000, 0x0000000714f00000|  0%| F|  |TS  0|AC  0|TAMS 0x0000000714e00000, 0x0000000714e00000|
| 335|0x0000000714f00000, 0x0000000714f00000, 0x0000000715000000|  0%| F|  |TS  0|AC  0|TAMS 0x0000000714f00000, 0x0000000714f00000|
| 336|0x0000000715000000, 0x00000007150fb5e8, 0x0000000715100000| 98%| S|CS|TS  9|AC  0|TAMS 0x0000000715000000, 0x0000000715000000|
| 337|0x0000000715100000, 0x0000000715100000, 0x0000000715200000|  0%| F|  |TS  9|AC  0|TAMS 0x0000000715100000, 0x0000000715100000|
| 338|0x0000000715200000, 0x0000000715300000, 0x0000000715300000|100%| S|CS|TS  9|AC  0|TAMS 0x0000000715200000, 0x0000000715200000|
| 339|0x0000000715300000, 0x0000000715300000, 0x0000000715400000|  0%| F|  |TS  9|AC  0|TAMS 0x0000000715300000, 0x0000000715300000|
| 340|0x0000000715400000, 0x0000000715400000, 0x0000000715500000|  0%| F|  |TS  9|AC  0|TAMS 0x0000000715400000, 0x0000000715400000|
| 341|0x0000000715500000, 0x0000000715600000, 0x0000000715600000|100%| E|CS|TS  9|AC  0|TAMS 0x0000000715500000, 0x0000000715500000|
| 342|0x0000000715600000, 0x0000000715700000, 0x0000000715700000|100%| E|CS|TS  9|AC  0|TAMS 0x0000000715600000, 0x0000000715600000|
| 343|0x0000000715700000, 0x0000000715800000, 0x0000000715800000|100%| E|CS|TS  9|AC  0|TAMS 0x0000000715700000, 0x0000000715700000|
| 344|0x0000000715800000, 0x0000000715900000, 0x0000000715900000|100%| E|CS|TS  9|AC  0|TAMS 0x0000000715800000, 0x0000000715800000|
| 345|0x0000000715900000, 0x0000000715a00000, 0x0000000715a00000|100%| E|CS|TS  9|AC  0|TAMS 0x0000000715900000, 0x0000000715900000|
| 346|0x0000000715a00000, 0x0000000715b00000, 0x0000000715b00000|100%| E|CS|TS  9|AC  0|TAMS 0x0000000715a00000, 0x0000000715a00000|
| 347|0x0000000715b00000, 0x0000000715c00000, 0x0000000715c00000|100%| E|CS|TS  9|AC  0|TAMS 0x0000000715b00000, 0x0000000715b00000|
| 348|0x0000000715c00000, 0x0000000715d00000, 0x0000000715d00000|100%| E|CS|TS  9|AC  0|TAMS 0x0000000715c00000, 0x0000000715c00000|
| 349|0x0000000715d00000, 0x0000000715e00000, 0x0000000715e00000|100%| E|CS|TS  9|AC  0|TAMS 0x0000000715d00000, 0x0000000715d00000|
| 350|0x0000000715e00000, 0x0000000715f00000, 0x0000000715f00000|100%| E|CS|TS  9|AC  0|TAMS 0x0000000715e00000, 0x0000000715e00000|
| 351|0x0000000715f00000, 0x0000000716000000, 0x0000000716000000|100%| E|CS|TS  9|AC  0|TAMS 0x0000000715f00000, 0x0000000715f00000|
| 352|0x0000000716000000, 0x0000000716100000, 0x0000000716100000|100%| E|CS|TS  9|AC  0|TAMS 0x0000000716000000, 0x0000000716000000|
| 353|0x0000000716100000, 0x0000000716200000, 0x0000000716200000|100%| E|CS|TS  9|AC  0|TAMS 0x0000000716100000, 0x0000000716100000|
| 354|0x0000000716200000, 0x0000000716300000, 0x0000000716300000|100%| E|CS|TS  9|AC  0|TAMS 0x0000000716200000, 0x0000000716200000|
| 355|0x0000000716300000, 0x0000000716400000, 0x0000000716400000|100%| E|CS|TS  9|AC  0|TAMS 0x0000000716300000, 0x0000000716300000|
| 356|0x0000000716400000, 0x0000000716500000, 0x0000000716500000|100%| E|CS|TS  9|AC  0|TAMS 0x0000000716400000, 0x0000000716400000|
| 357|0x0000000716500000, 0x0000000716600000, 0x0000000716600000|100%| E|CS|TS  9|AC  0|TAMS 0x0000000716500000, 0x0000000716500000|
| 358|0x0000000716600000, 0x0000000716700000, 0x0000000716700000|100%| E|CS|TS  9|AC  0|TAMS 0x0000000716600000, 0x0000000716600000|
| 359|0x0000000716700000, 0x0000000716800000, 0x0000000716800000|100%| E|CS|TS  9|AC  0|TAMS 0x0000000716700000, 0x0000000716700000|
| 360|0x0000000716800000, 0x0000000716900000, 0x0000000716900000|100%| E|CS|TS  9|AC  0|TAMS 0x0000000716800000, 0x0000000716800000|
| 361|0x0000000716900000, 0x0000000716a00000, 0x0000000716a00000|100%| E|CS|TS  9|AC  0|TAMS 0x0000000716900000, 0x0000000716900000|
| 362|0x0000000716a00000, 0x0000000716b00000, 0x0000000716b00000|100%| E|CS|TS  9|AC  0|TAMS 0x0000000716a00000, 0x0000000716a00000|
| 363|0x0000000716b00000, 0x0000000716c00000, 0x0000000716c00000|100%| E|CS|TS  9|AC  0|TAMS 0x0000000716b00000, 0x0000000716b00000|
| 364|0x0000000716c00000, 0x0000000716d00000, 0x0000000716d00000|100%| E|CS|TS  9|AC  0|TAMS 0x0000000716c00000, 0x0000000716c00000|
| 365|0x0000000716d00000, 0x0000000716e00000, 0x0000000716e00000|100%| E|CS|TS  9|AC  0|TAMS 0x0000000716d00000, 0x0000000716d00000|
| 366|0x0000000716e00000, 0x0000000716f00000, 0x0000000716f00000|100%| E|CS|TS  9|AC  0|TAMS 0x0000000716e00000, 0x0000000716e00000|
| 367|0x0000000716f00000, 0x0000000717000000, 0x0000000717000000|100%| E|CS|TS  9|AC  0|TAMS 0x0000000716f00000, 0x0000000716f00000|
| 368|0x0000000717000000, 0x0000000717100000, 0x0000000717100000|100%| E|CS|TS  9|AC  0|TAMS 0x0000000717000000, 0x0000000717000000|
| 369|0x0000000717100000, 0x0000000717200000, 0x0000000717200000|100%| E|CS|TS  9|AC  0|TAMS 0x0000000717100000, 0x0000000717100000|
| 370|0x0000000717200000, 0x0000000717300000, 0x0000000717300000|100%| E|CS|TS  9|AC  0|TAMS 0x0000000717200000, 0x0000000717200000|
| 371|0x0000000717300000, 0x0000000717400000, 0x0000000717400000|100%| E|CS|TS  9|AC  0|TAMS 0x0000000717300000, 0x0000000717300000|
| 372|0x0000000717400000, 0x0000000717500000, 0x0000000717500000|100%| E|CS|TS  9|AC  0|TAMS 0x0000000717400000, 0x0000000717400000|
| 373|0x0000000717500000, 0x0000000717600000, 0x0000000717600000|100%| E|CS|TS  9|AC  0|TAMS 0x0000000717500000, 0x0000000717500000|
| 374|0x0000000717600000, 0x0000000717700000, 0x0000000717700000|100%| E|CS|TS  9|AC  0|TAMS 0x0000000717600000, 0x0000000717600000|
| 375|0x0000000717700000, 0x0000000717800000, 0x0000000717800000|100%| E|CS|TS  9|AC  0|TAMS 0x0000000717700000, 0x0000000717700000|
| 376|0x0000000717800000, 0x0000000717900000, 0x0000000717900000|100%| E|CS|TS  9|AC  0|TAMS 0x0000000717800000, 0x0000000717800000|
| 377|0x0000000717900000, 0x0000000717a00000, 0x0000000717a00000|100%| E|CS|TS  9|AC  0|TAMS 0x0000000717900000, 0x0000000717900000|
| 378|0x0000000717a00000, 0x0000000717b00000, 0x0000000717b00000|100%| E|CS|TS  9|AC  0|TAMS 0x0000000717a00000, 0x0000000717a00000|
| 379|0x0000000717b00000, 0x0000000717c00000, 0x0000000717c00000|100%| E|CS|TS  9|AC  0|TAMS 0x0000000717b00000, 0x0000000717b00000|
| 380|0x0000000717c00000, 0x0000000717d00000, 0x0000000717d00000|100%| E|CS|TS  9|AC  0|TAMS 0x0000000717c00000, 0x0000000717c00000|
| 381|0x0000000717d00000, 0x0000000717e00000, 0x0000000717e00000|100%| E|CS|TS  9|AC  0|TAMS 0x0000000717d00000, 0x0000000717d00000|
| 382|0x0000000717e00000, 0x0000000717f00000, 0x0000000717f00000|100%| E|CS|TS  9|AC  0|TAMS 0x0000000717e00000, 0x0000000717e00000|
| 383|0x0000000717f00000, 0x0000000718000000, 0x0000000718000000|100%| E|CS|TS  9|AC  0|TAMS 0x0000000717f00000, 0x0000000717f00000|
| 384|0x0000000718000000, 0x0000000718100000, 0x0000000718100000|100%| E|CS|TS  9|AC  0|TAMS 0x0000000718000000, 0x0000000718000000|
| 385|0x0000000718100000, 0x0000000718200000, 0x0000000718200000|100%| E|CS|TS  9|AC  0|TAMS 0x0000000718100000, 0x0000000718100000|
| 386|0x0000000718200000, 0x0000000718300000, 0x0000000718300000|100%| E|CS|TS  9|AC  0|TAMS 0x0000000718200000, 0x0000000718200000|
| 387|0x0000000718300000, 0x0000000718400000, 0x0000000718400000|100%| E|CS|TS  9|AC  0|TAMS 0x0000000718300000, 0x0000000718300000|
| 388|0x0000000718400000, 0x0000000718500000, 0x0000000718500000|100%| E|CS|TS  9|AC  0|TAMS 0x0000000718400000, 0x0000000718400000|
| 389|0x0000000718500000, 0x0000000718600000, 0x0000000718600000|100%| E|CS|TS  9|AC  0|TAMS 0x0000000718500000, 0x0000000718500000|
| 390|0x0000000718600000, 0x0000000718700000, 0x0000000718700000|100%| E|CS|TS  9|AC  0|TAMS 0x0000000718600000, 0x0000000718600000|
| 391|0x0000000718700000, 0x0000000718800000, 0x0000000718800000|100%| E|CS|TS  9|AC  0|TAMS 0x0000000718700000, 0x0000000718700000|
| 392|0x0000000718800000, 0x0000000718900000, 0x0000000718900000|100%| E|CS|TS  9|AC  0|TAMS 0x0000000718800000, 0x0000000718800000|
| 393|0x0000000718900000, 0x0000000718a00000, 0x0000000718a00000|100%| E|CS|TS  9|AC  0|TAMS 0x0000000718900000, 0x0000000718900000|
| 394|0x0000000718a00000, 0x0000000718b00000, 0x0000000718b00000|100%| E|CS|TS  9|AC  0|TAMS 0x0000000718a00000, 0x0000000718a00000|
| 395|0x0000000718b00000, 0x0000000718c00000, 0x0000000718c00000|100%| E|CS|TS  9|AC  0|TAMS 0x0000000718b00000, 0x0000000718b00000|
| 396|0x0000000718c00000, 0x0000000718d00000, 0x0000000718d00000|100%| E|CS|TS  9|AC  0|TAMS 0x0000000718c00000, 0x0000000718c00000|
| 397|0x0000000718d00000, 0x0000000718e00000, 0x0000000718e00000|100%| E|CS|TS  9|AC  0|TAMS 0x0000000718d00000, 0x0000000718d00000|
| 398|0x0000000718e00000, 0x0000000718f00000, 0x0000000718f00000|100%| E|CS|TS  9|AC  0|TAMS 0x0000000718e00000, 0x0000000718e00000|

Card table byte_map: [0x00000268ad380000,0x00000268ad980000] byte_map_base: 0x00000268a9b80000

Marking Bits (Prev, Next): (CMBitMap*) 0x00000268944df7e0, (CMBitMap*) 0x00000268944df818
 Prev Bits: [0x00000268adf80000, 0x00000268b0f80000)
 Next Bits: [0x00000268b0f80000, 0x00000268b3f80000)

Polling page: 0x000002688c240000

CodeHeap 'non-profiled nmethods': size=120000Kb used=24796Kb max_used=25874Kb free=95203Kb
 bounds [0x00000268a5e50000, 0x00000268a77a0000, 0x00000268ad380000]
CodeHeap 'profiled nmethods': size=120000Kb used=46479Kb max_used=53013Kb free=73520Kb
 bounds [0x000002689e920000, 0x00000268a1d40000, 0x00000268a5e50000]
CodeHeap 'non-nmethods': size=5760Kb used=1877Kb max_used=1930Kb free=3882Kb
 bounds [0x000002689e380000, 0x000002689e5f0000, 0x000002689e920000]
 total_blobs=39848 nmethods=20144 adapters=1247
 compilation: enabled

Compilation events (10 events):
Event: 3818.655 Thread 0x00000268904e5800 nmethod 27172 0x00000268a69dc090 code [0x00000268a69dc240, 0x00000268a69dc418]
Event: 3819.039 Thread 0x00000268950a7800 27173  s    4       com.jidesoft.marker.DefaultMarkerModel::getMarkersAt (90 bytes)
Event: 3819.047 Thread 0x00000268950a9000 27174 %     3       ui.views.d.w::paintComponent @ 145 (501 bytes)
Event: 3819.050 Thread 0x00000268950a9000 nmethod 27174% 0x000002689f12cd90 code [0x000002689f12d2e0, 0x000002689f130e60]
Event: 3819.052 Thread 0x00000268950a7800 nmethod 27173 0x00000268a6af8b90 code [0x00000268a6af8d60, 0x00000268a6af9928]
Event: 3819.061 Thread 0x00000268950a9000 27175       3       ui.views.d.w::paintComponent (501 bytes)
Event: 3819.063 Thread 0x00000268950a9000 nmethod 27175 0x000002689f420910 code [0x000002689f420e60, 0x000002689f424880]
Event: 3819.642 Thread 0x00000268950a8000 27176       4       javax.swing.text.DefaultCaret::<init> (68 bytes)
Event: 3819.646 Thread 0x00000268950a8000 nmethod 27176 0x00000268a6a0a390 code [0x00000268a6a0a540, 0x00000268a6a0ac78]
Event: 3820.550 Thread 0x00000268950a9000 27177       3       ui.b.o.af::da (55 bytes)

GC Heap History (10 events):
Event: 3811.235 GC heap before
{Heap before GC invocations=749 (full 223):
 garbage-first heap   total 408576K, used 216211K [0x0000000700000000, 0x0000000700100c78, 0x00000007c0000000)
  region size 1024K, 60 young (61440K), 0 survivors (0K)
 Metaspace       used 99361K, capacity 102656K, committed 107216K, reserved 1140736K
  class space    used 14276K, capacity 14876K, committed 15824K, reserved 1048576K
}
Event: 3811.239 GC heap after
{Heap after GC invocations=750 (full 223):
 garbage-first heap   total 408576K, used 155461K [0x0000000700000000, 0x0000000700100c78, 0x00000007c0000000)
  region size 1024K, 1 young (1024K), 1 survivors (1024K)
 Metaspace       used 99361K, capacity 102656K, committed 107216K, reserved 1140736K
  class space    used 14276K, capacity 14876K, committed 15824K, reserved 1048576K
}
Event: 3811.246 GC heap before
{Heap before GC invocations=750 (full 223):
 garbage-first heap   total 408576K, used 155461K [0x0000000700000000, 0x0000000700100c78, 0x00000007c0000000)
  region size 1024K, 2 young (2048K), 1 survivors (1024K)
 Metaspace       used 99361K, capacity 102656K, committed 107216K, reserved 1140736K
  class space    used 14276K, capacity 14876K, committed 15824K, reserved 1048576K
}
Event: 3811.248 GC heap after
{Heap after GC invocations=751 (full 223):
 garbage-first heap   total 408576K, used 155184K [0x0000000700000000, 0x0000000700100c78, 0x00000007c0000000)
  region size 1024K, 1 young (1024K), 1 survivors (1024K)
 Metaspace       used 99361K, capacity 102656K, committed 107216K, reserved 1140736K
  class space    used 14276K, capacity 14876K, committed 15824K, reserved 1048576K
}
Event: 3811.792 GC heap before
{Heap before GC invocations=751 (full 223):
 garbage-first heap   total 408576K, used 215600K [0x0000000700000000, 0x0000000700100c78, 0x00000007c0000000)
  region size 1024K, 60 young (61440K), 1 survivors (1024K)
 Metaspace       used 99361K, capacity 102656K, committed 107216K, reserved 1140736K
  class space    used 14276K, capacity 14876K, committed 15824K, reserved 1048576K
}
Event: 3811.795 GC heap after
{Heap after GC invocations=752 (full 223):
 garbage-first heap   total 408576K, used 155260K [0x0000000700000000, 0x0000000700100c78, 0x00000007c0000000)
  region size 1024K, 1 young (1024K), 1 survivors (1024K)
 Metaspace       used 99361K, capacity 102656K, committed 107216K, reserved 1140736K
  class space    used 14276K, capacity 14876K, committed 15824K, reserved 1048576K
}
Event: 3813.374 GC heap before
{Heap before GC invocations=752 (full 223):
 garbage-first heap   total 408576K, used 216700K [0x0000000700000000, 0x0000000700100c78, 0x00000007c0000000)
  region size 1024K, 60 young (61440K), 1 survivors (1024K)
 Metaspace       used 99370K, capacity 102656K, committed 107216K, reserved 1140736K
  class space    used 14276K, capacity 14876K, committed 15824K, reserved 1048576K
}
Event: 3813.378 GC heap after
{Heap after GC invocations=753 (full 223):
 garbage-first heap   total 408576K, used 157751K [0x0000000700000000, 0x0000000700100c78, 0x00000007c0000000)
  region size 1024K, 2 young (2048K), 2 survivors (2048K)
 Metaspace       used 99370K, capacity 102656K, committed 107216K, reserved 1140736K
  class space    used 14276K, capacity 14876K, committed 15824K, reserved 1048576K
}
Event: 3814.553 GC heap before
{Heap before GC invocations=753 (full 223):
 garbage-first heap   total 408576K, used 217143K [0x0000000700000000, 0x0000000700100c78, 0x00000007c0000000)
  region size 1024K, 61 young (62464K), 2 survivors (2048K)
 Metaspace       used 99370K, capacity 102656K, committed 107216K, reserved 1140736K
  class space    used 14276K, capacity 14876K, committed 15824K, reserved 1048576K
}
Event: 3814.556 GC heap after
{Heap after GC invocations=754 (full 223):
 garbage-first heap   total 408576K, used 157825K [0x0000000700000000, 0x0000000700100c78, 0x00000007c0000000)
  region size 1024K, 2 young (2048K), 2 survivors (2048K)
 Metaspace       used 99370K, capacity 102656K, committed 107216K, reserved 1140736K
  class space    used 14276K, capacity 14876K, committed 15824K, reserved 1048576K
}

Deoptimization events (10 events):
Event: 3513.661 Thread 0x0000026895609000 Uncommon trap: reason=unstable_if action=reinterpret pc=0x00000268a74dc844 method=java.awt.EventQueue.removeSourceEvents(Ljava/lang/Object;Z)V @ 110 c2
Event: 3515.863 Thread 0x0000026895609000 Uncommon trap: reason=unstable_if action=reinterpret pc=0x00000268a75b9a6c method=ui.b.c.b.A.isSelectedIndex(I)Z @ 53 c2
Event: 3516.307 Thread 0x0000026895609000 Uncommon trap: reason=null_check action=make_not_entrant pc=0x00000268a6802a50 method=com.jidesoft.grid.SortableTableModel.getSortableModel(Ljavax/swing/table/TableModel;)Lcom/jidesoft/grid/ISortableTableModel; @ 5 c2
Event: 3516.310 Thread 0x0000026895609000 Uncommon trap: reason=range_check action=reinterpret pc=0x00000268a65b3fa4 method=com.jidesoft.grid.DefaultTableModelWrapper.getActualRowAt(I)I @ 18 c2
Event: 3516.354 Thread 0x0000026895609000 Uncommon trap: reason=unstable_if action=reinterpret pc=0x00000268a6e717e8 method=java.awt.GradientPaintContext.putCachedRaster(Ljava/awt/image/ColorModel;Ljava/awt/image/Raster;)V @ 17 c2
Event: 3521.964 Thread 0x0000026895609000 Uncommon trap: reason=array_check action=maybe_recompile pc=0x00000268a6586388 method=java.util.LinkedList.toArray([Ljava/lang/Object;)[Ljava/lang/Object; @ 52 c2
Event: 3521.965 Thread 0x0000026895609000 Uncommon trap: reason=array_check action=maybe_recompile pc=0x00000268a6586388 method=java.util.LinkedList.toArray([Ljava/lang/Object;)[Ljava/lang/Object; @ 52 c2
Event: 3524.165 Thread 0x0000026895609000 Uncommon trap: reason=array_check action=maybe_recompile pc=0x00000268a6586388 method=java.util.LinkedList.toArray([Ljava/lang/Object;)[Ljava/lang/Object; @ 52 c2
Event: 3524.166 Thread 0x0000026895609000 Uncommon trap: reason=array_check action=maybe_recompile pc=0x00000268a6586388 method=java.util.LinkedList.toArray([Ljava/lang/Object;)[Ljava/lang/Object; @ 52 c2
Event: 3531.109 Thread 0x0000026895609000 Uncommon trap: reason=null_check action=make_not_entrant pc=0x00000268a66dcb18 method=java.awt.Rectangle.equals(Ljava/lang/Object;)Z @ 1 c2

Classes redefined (0 events):
No events

Internal exceptions (10 events):
Event: 3444.926 Thread 0x0000026895609000 Exception <a 'java/io/FileNotFoundException'{0x0000000717547860}> (0x0000000717547860) thrown at [t:/workspace/hotspot/src/share/vm/prims/jni.cpp, line 604]
Event: 3445.107 Thread 0x0000026895609000 Exception <a 'java/io/FileNotFoundException'{0x00000007166f2f40}> (0x00000007166f2f40) thrown at [t:/workspace/hotspot/src/share/vm/prims/jni.cpp, line 604]
Event: 3445.338 Thread 0x0000026895609000 Exception <a 'java/io/FileNotFoundException'{0x00000007181d8ee0}> (0x00000007181d8ee0) thrown at [t:/workspace/hotspot/src/share/vm/prims/jni.cpp, line 604]
Event: 3461.773 Thread 0x0000026895609000 Exception <a 'java/io/FileNotFoundException'{0x00000007184d5608}> (0x00000007184d5608) thrown at [t:/workspace/hotspot/src/share/vm/prims/jni.cpp, line 604]
Event: 3515.863 Thread 0x0000026895609000 Implicit null exception at 0x00000268a75b91e3 to 0x00000268a75b9a5d
Event: 3516.307 Thread 0x0000026895609000 Implicit null exception at 0x00000268a680285d to 0x00000268a6802a42
Event: 3520.220 Thread 0x0000026895609000 Exception <a 'java/io/FileNotFoundException'{0x00000007156b1bc0}> (0x00000007156b1bc0) thrown at [t:/workspace/hotspot/src/share/vm/prims/jni.cpp, line 604]
Event: 3520.323 Thread 0x0000026895609000 Exception <a 'java/io/FileNotFoundException'{0x00000007188dd948}> (0x00000007188dd948) thrown at [t:/workspace/hotspot/src/share/vm/prims/jni.cpp, line 604]
Event: 3520.458 Thread 0x0000026895609000 Exception <a 'java/io/FileNotFoundException'{0x00000007174f8c68}> (0x00000007174f8c68) thrown at [t:/workspace/hotspot/src/share/vm/prims/jni.cpp, line 604]
Event: 3531.109 Thread 0x0000026895609000 Implicit null exception at 0x00000268a66dca6c to 0x00000268a66dcb0a

Events (10 events):
Event: 3819.640 Thread 0x00000268d4fd6000 Thread added: 0x00000268d4fd6000
Event: 3819.640 Thread 0x00000268d4fda800 Thread added: 0x00000268d4fda800
Event: 3819.640 Thread 0x00000268d4fdc800 Thread added: 0x00000268d4fdc800
Event: 3819.642 Thread 0x00000268b9c87800 Thread exited: 0x00000268b9c87800
Event: 3819.643 Thread 0x00000268b9c88800 Thread exited: 0x00000268b9c88800
Event: 3819.645 Thread 0x00000268caae8000 Thread exited: 0x00000268caae8000
Event: 3819.646 Thread 0x0000026895613800 Thread exited: 0x0000026895613800
Event: 3819.648 Thread 0x00000268d4fd6000 Thread exited: 0x00000268d4fd6000
Event: 3819.649 Thread 0x00000268d4fda800 Thread exited: 0x00000268d4fda800
Event: 3819.651 Thread 0x00000268d4fdc800 Thread exited: 0x00000268d4fdc800


Dynamic libraries:
0x00007ff65a050000 - 0x00007ff65a080000 	D:\Xilinx\Vivado\2018.3\bin\unwrapped\win64.o\vivado.exe
0x00007ffbaea20000 - 0x00007ffbaec10000 	C:\WINDOWS\SYSTEM32\ntdll.dll
0x00007ffbadcf0000 - 0x00007ffbadda2000 	C:\WINDOWS\System32\KERNEL32.DLL
0x00007ffbabc40000 - 0x00007ffbabee3000 	C:\WINDOWS\System32\KERNELBASE.dll
0x00007ffbabfb0000 - 0x00007ffbac0aa000 	C:\WINDOWS\System32\ucrtbase.dll
0x00007ffb98860000 - 0x00007ffb988fb000 	C:\WINDOWS\SYSTEM32\MSVCP140.dll
0x00007ffb50500000 - 0x00007ffb51394000 	D:\Xilinx\Vivado\2018.3\lib\win64.o\librdi_common.dll
0x00007ffb98900000 - 0x00007ffb98915000 	C:\WINDOWS\SYSTEM32\VCRUNTIME140.dll
0x00007ffba5ac0000 - 0x00007ffba5ad4000 	D:\Xilinx\Vivado\2018.3\lib\win64.o\libboost_signals.dll
0x00007ffb9ce30000 - 0x00007ffb9ce44000 	D:\Xilinx\Vivado\2018.3\lib\win64.o\librdi_commonmain.dll
0x00007ffbad640000 - 0x00007ffbad7d3000 	C:\WINDOWS\System32\USER32.dll
0x00007ffbaba30000 - 0x00007ffbaba51000 	C:\WINDOWS\System32\win32u.dll
0x00007ffbacad0000 - 0x00007ffbacaf6000 	C:\WINDOWS\System32\GDI32.dll
0x00007ffb6d980000 - 0x00007ffb6dc35000 	D:\Xilinx\Vivado\2018.3\lib\win64.o\libXil_lmgr11.dll
0x00007ffb72920000 - 0x00007ffb72c8e000 	D:\Xilinx\Vivado\2018.3\lib\win64.o\libCOIN-all.dll
0x00007ffbac100000 - 0x00007ffbac294000 	C:\WINDOWS\System32\gdi32full.dll
0x00007ffb9ce10000 - 0x00007ffb9ce24000 	D:\Xilinx\Vivado\2018.3\lib\win64.o\libboost_date_time.dll
0x00007ffbabf10000 - 0x00007ffbabfae000 	C:\WINDOWS\System32\msvcp_win.dll
0x00007ffbad9e0000 - 0x00007ffbadaaf000 	C:\WINDOWS\System32\COMDLG32.dll
0x00007ffbadf60000 - 0x00007ffbae003000 	C:\WINDOWS\System32\ADVAPI32.dll
0x00007ffbad7e0000 - 0x00007ffbad87e000 	C:\WINDOWS\System32\msvcrt.dll
0x00007ffb8ae10000 - 0x00007ffb8ae8f000 	D:\Xilinx\Vivado\2018.3\lib\win64.o\libboost_program_options.dll
0x00007ffbadbe0000 - 0x00007ffbadc77000 	C:\WINDOWS\System32\sechost.dll
0x00007ffbad300000 - 0x00007ffbad636000 	C:\WINDOWS\System32\combase.dll
0x00007ffb9cd20000 - 0x00007ffb9cd46000 	D:\Xilinx\Vivado\2018.3\lib\win64.o\libboost_filesystem.dll
0x00007ffbacb60000 - 0x00007ffbacc80000 	C:\WINDOWS\System32\RPCRT4.dll
0x00007ffbab9b0000 - 0x00007ffbaba30000 	C:\WINDOWS\System32\bcryptPrimitives.dll
0x00007ffbae1b0000 - 0x00007ffbae892000 	C:\WINDOWS\System32\SHELL32.dll
0x00007ffb83ea0000 - 0x00007ffb83fb4000 	D:\Xilinx\Vivado\2018.3\lib\win64.o\libboost_regex.dll
0x00007ffbad930000 - 0x00007ffbad9d9000 	C:\WINDOWS\System32\shcore.dll
0x00007ffba7380000 - 0x00007ffba738b000 	D:\Xilinx\Vivado\2018.3\lib\win64.o\libboost_system.dll
0x00007ffbac0b0000 - 0x00007ffbac0fa000 	C:\WINDOWS\System32\cfgmgr32.dll
0x00007ffbae090000 - 0x00007ffbae0e2000 	C:\WINDOWS\System32\SHLWAPI.dll
0x00007ffbac350000 - 0x00007ffbacacc000 	C:\WINDOWS\System32\windows.storage.dll
0x00007ffb95ca0000 - 0x00007ffb95cc1000 	D:\Xilinx\Vivado\2018.3\lib\win64.o\libboost_thread.dll
0x00007ffba5c60000 - 0x00007ffba5c6f000 	D:\Xilinx\Vivado\2018.3\lib\win64.o\libboost_xilinx.dll
0x00007ffbadab0000 - 0x00007ffbadb74000 	C:\WINDOWS\System32\OLEAUT32.dll
0x00007ffbab940000 - 0x00007ffbab95f000 	C:\WINDOWS\System32\profapi.dll
0x00007ffbacc80000 - 0x00007ffbacdd6000 	C:\WINDOWS\System32\ole32.dll
0x00007ffbab960000 - 0x00007ffbab9aa000 	C:\WINDOWS\System32\powrprof.dll
0x00007ffbad8c0000 - 0x00007ffbad92f000 	C:\WINDOWS\System32\WS2_32.dll
0x00007ffb82f60000 - 0x00007ffb82fe2000 	D:\Xilinx\Vivado\2018.3\lib\win64.o\libhdlpsolve.dll
0x00007ffbab8f0000 - 0x00007ffbab900000 	C:\WINDOWS\System32\UMPDC.dll
0x00007ffb833b0000 - 0x00007ffb83455000 	D:\Xilinx\Vivado\2018.3\lib\win64.o\libhdxml.dll
0x00007ffbabbe0000 - 0x00007ffbabc3c000 	C:\WINDOWS\System32\WINTRUST.dll
0x00007ffbab900000 - 0x00007ffbab911000 	C:\WINDOWS\System32\kernel.appcore.dll
0x00007ffbab920000 - 0x00007ffbab932000 	C:\WINDOWS\System32\MSASN1.dll
0x00007ffbaba60000 - 0x00007ffbabba9000 	C:\WINDOWS\System32\CRYPT32.dll
0x00007ffbabef0000 - 0x00007ffbabf07000 	C:\WINDOWS\System32\cryptsp.dll
0x00007ffb4fcb0000 - 0x00007ffb504fe600 	D:\Xilinx\Vivado\2018.3\lib\win64.o\libisl_iostreams.dll
0x00007ffb940a0000 - 0x00007ffb940ce000 	D:\Xilinx\Vivado\2018.3\lib\win64.o\libisl_sysinfo.dll
0x00007ffba4d70000 - 0x00007ffba4d7a000 	D:\Xilinx\Vivado\2018.3\lib\win64.o\librdi_commonversion.dll
0x00007ffb88960000 - 0x00007ffb889c5000 	D:\Xilinx\Vivado\2018.3\lib\win64.o\liblmx6.0.dll
0x00007ffb9cd00000 - 0x00007ffb9cd1a000 	D:\Xilinx\Vivado\2018.3\lib\win64.o\pthreadVC2.dll
0x00007ffb7d970000 - 0x00007ffb7da91000 	D:\Xilinx\Vivado\2018.3\lib\win64.o\librdi_commonxillic.dll
0x000000006bb90000 - 0x000000006bcbb000 	D:\Xilinx\Vivado\2018.3\lib\win64.o\tcl85t.dll
0x00007ffb945c0000 - 0x00007ffb945dc000 	D:\Xilinx\Vivado\2018.3\lib\win64.o\librdiconfig.dll
0x00007ffb93e00000 - 0x00007ffb93e21000 	D:\Xilinx\Vivado\2018.3\lib\win64.o\librdizlib.dll
0x00007ffb9d810000 - 0x00007ffb9d827000 	C:\WINDOWS\SYSTEM32\NETAPI32.dll
0x0000000012000000 - 0x0000000012272000 	D:\Xilinx\Vivado\2018.3\lib\win64.o\xerces-c_3_1.dll
0x00007ffb96a80000 - 0x00007ffb96f56000 	C:\WINDOWS\SYSTEM32\WININET.dll
0x00007ffba6790000 - 0x00007ffba6880000 	C:\WINDOWS\SYSTEM32\WINHTTP.dll
0x00007ffb9d850000 - 0x00007ffb9da26000 	C:\WINDOWS\SYSTEM32\urlmon.dll
0x00007ffb9e260000 - 0x00007ffb9e309000 	C:\WINDOWS\WinSxS\amd64_microsoft.windows.common-controls_6595b64144ccf1df_5.82.18362.267_none_2a28ebd84668b6dc\COMCTL32.dll
0x00007ffba48a0000 - 0x00007ffba48a9000 	C:\WINDOWS\SYSTEM32\WSOCK32.dll
0x00007ffb97640000 - 0x00007ffb9764d000 	D:\Xilinx\Vivado\2018.3\lib\win64.o\libboost_chrono.dll
0x00007ffba5a30000 - 0x00007ffba5a4c000 	C:\WINDOWS\SYSTEM32\dhcpcsvc.DLL
0x00007ffbae120000 - 0x00007ffbae128000 	C:\WINDOWS\System32\NSI.dll
0x00007ffb4ee10000 - 0x00007ffb4fca1000 	D:\Xilinx\Vivado\2018.3\lib\win64.o\gurobi65.dll
0x00007ffb93d60000 - 0x00007ffb93d87000 	C:\WINDOWS\SYSTEM32\VCOMP140.DLL
0x00007ffb94360000 - 0x00007ffb9437b000 	D:\Xilinx\Vivado\2018.3\lib\win64.o\libboost_iostreams.dll
0x00007ffb92450000 - 0x00007ffb92475000 	D:\Xilinx\Vivado\2018.3\lib\win64.o\libisl_iosutils.dll
0x00007ffb9d4e0000 - 0x00007ffb9d786000 	C:\WINDOWS\SYSTEM32\iertutil.dll
0x00007ffbab330000 - 0x00007ffbab33c000 	C:\WINDOWS\SYSTEM32\CRYPTBASE.DLL
0x00007ffbaaf80000 - 0x00007ffbaaf8c000 	C:\WINDOWS\SYSTEM32\NETUTILS.DLL
0x00007ffbae0f0000 - 0x00007ffbae11e000 	C:\WINDOWS\System32\IMM32.DLL
0x00007ffb4e910000 - 0x00007ffb4ee05000 	D:\Xilinx\Vivado\2018.3\lib\win64.o\librdi_commontasks.dll
0x00007ffba5800000 - 0x00007ffba580a000 	C:\WINDOWS\SYSTEM32\VERSION.dll
0x00007ffb6d270000 - 0x00007ffb6d4ef000 	D:\Xilinx\Vivado\2018.3\lib\win64.o\librdi_sio.dll
0x0000000069ff0000 - 0x000000006aa15000 	D:\Xilinx\Vivado\2018.3\tps\win64\jre9.0.4\bin\server\jvm.dll
0x00007ffbad880000 - 0x00007ffbad888000 	C:\WINDOWS\System32\PSAPI.DLL
0x00007ffbaae70000 - 0x00007ffbaaeaa000 	C:\WINDOWS\SYSTEM32\IPHLPAPI.DLL
0x00007ffba5f50000 - 0x00007ffba5f74000 	C:\WINDOWS\SYSTEM32\WINMM.dll
0x00007ffb9b3e0000 - 0x00007ffb9b4cf000 	C:\WINDOWS\SYSTEM32\MSVCR120.dll
0x00007ffba5ea0000 - 0x00007ffba5ecd000 	C:\WINDOWS\SYSTEM32\WINMMBASE.dll
0x00007ffbab160000 - 0x00007ffbab1c7000 	C:\WINDOWS\SYSTEM32\MSWSOCK.DLL
0x00007ffb4c540000 - 0x00007ffb4e902000 	D:\Xilinx\Vivado\2018.3\lib\win64.o\librdi_tcltasks.dll
0x00007ffb81ee0000 - 0x00007ffb81f4a000 	D:\Xilinx\Vivado\2018.3\lib\win64.o\librdi_boarddep.dll
0x00007ffb5b8c0000 - 0x00007ffb5bc9c000 	D:\Xilinx\Vivado\2018.3\lib\win64.o\librdi_bitstream.dll
0x00007ffb81100000 - 0x00007ffb811dc000 	D:\Xilinx\Vivado\2018.3\lib\win64.o\librdi_chipscope.dll
0x00007ffb7b5e0000 - 0x00007ffb7b75e000 	D:\Xilinx\Vivado\2018.3\lib\win64.o\librdi_board.dll
0x00007ffb71690000 - 0x00007ffb71849000 	D:\Xilinx\Vivado\2018.3\lib\win64.o\librdi_chipscopeimpl.dll
0x00007ffb4ac30000 - 0x00007ffb4c535000 	D:\Xilinx\Vivado\2018.3\lib\win64.o\librdi_constraints.dll
0x00007ffb7cd90000 - 0x00007ffb7ced8000 	D:\Xilinx\Vivado\2018.3\lib\win64.o\librdi_containers.dll
0x00007ffb48730000 - 0x00007ffb48e0a000 	D:\Xilinx\Vivado\2018.3\lib\win64.o\librdi_coregenipxact.dll
0x00007ffb48e10000 - 0x00007ffb4ac2f000 	D:\Xilinx\Vivado\2018.3\lib\win64.o\librdi_coregen.dll
0x00007ffb338b0000 - 0x00007ffb33bcb000 	D:\Xilinx\Vivado\2018.3\lib\win64.o\librdi_dlyest.dll
0x00007ffb33350000 - 0x00007ffb338b0000 	D:\Xilinx\Vivado\2018.3\lib\win64.o\librdi_drc.dll
0x00007ffb7f2b0000 - 0x00007ffb7f372000 	D:\Xilinx\Vivado\2018.3\lib\win64.o\librdi_dsp.dll
0x00007ffb44930000 - 0x00007ffb4872b000 	D:\Xilinx\Vivado\2018.3\lib\win64.o\librdi_designutils.dll
0x00007ffb32d10000 - 0x00007ffb3334f000 	D:\Xilinx\Vivado\2018.3\lib\win64.o\librdi_filemgmt.dll
0x00007ffb32a30000 - 0x00007ffb32d0a000 	D:\Xilinx\Vivado\2018.3\lib\win64.o\librdi_guitools.dll
0x00007ffb845c0000 - 0x00007ffb8461d000 	D:\Xilinx\Vivado\2018.3\lib\win64.o\librdi_hdf.dll
0x00007ffb31070000 - 0x00007ffb31685000 	D:\Xilinx\Vivado\2018.3\lib\win64.o\librdi_memdata.dll
0x00007ffb31690000 - 0x00007ffb32a21000 	D:\Xilinx\Vivado\2018.3\lib\win64.o\librdi_implflow.dll
0x00007ffb816d0000 - 0x00007ffb81741000 	D:\Xilinx\Vivado\2018.3\lib\win64.o\librdi_memoryarray.dll
0x00007ffb83ac0000 - 0x00007ffb83b10000 	D:\Xilinx\Vivado\2018.3\lib\win64.o\librdi_pfi.dll
0x00007ffb2d080000 - 0x00007ffb2d6bb000 	D:\Xilinx\Vivado\2018.3\lib\win64.o\librdi_netlist.dll
0x00007ffb33bd0000 - 0x00007ffb44922000 	D:\Xilinx\Vivado\2018.3\lib\win64.o\librdi_device.dll
0x00007ffb2d6c0000 - 0x00007ffb3106c000 	D:\Xilinx\Vivado\2018.3\lib\win64.o\librdi_mig.dll
0x00007ffb2a850000 - 0x00007ffb2ab57000 	D:\Xilinx\Vivado\2018.3\lib\win64.o\librdi_platform.dll
0x00007ffb2ab60000 - 0x00007ffb2d074000 	D:\Xilinx\Vivado\2018.3\lib\win64.o\librdi_place.dll
0x00007ffb2a150000 - 0x00007ffb2a845000 	D:\Xilinx\Vivado\2018.3\lib\win64.o\librdi_power.dll
0x00007ffb29bf0000 - 0x00007ffb2a146000 	D:\Xilinx\Vivado\2018.3\lib\win64.o\librdi_project.dll
0x00007ffb294f0000 - 0x00007ffb29be3000 	D:\Xilinx\Vivado\2018.3\lib\win64.o\librdi_psta.dll
0x00007ffb28a30000 - 0x00007ffb28e07000 	D:\Xilinx\Vivado\2018.3\lib\win64.o\librdi_runs.dll
0x00007ffb28e10000 - 0x00007ffb294e9000 	D:\Xilinx\Vivado\2018.3\lib\win64.o\librdi_rsb.dll
0x00007ffb72840000 - 0x00007ffb72918000 	D:\Xilinx\Vivado\2018.3\lib\win64.o\librdi_runsbase.dll
0x00007ffb28800000 - 0x00007ffb28a28000 	D:\Xilinx\Vivado\2018.3\lib\win64.o\librdi_simdata.dll
0x00007ffb27a70000 - 0x00007ffb287fd000 	D:\Xilinx\Vivado\2018.3\lib\win64.o\librdi_timing.dll
0x00007ffb70dd0000 - 0x00007ffb70f24000 	D:\Xilinx\Vivado\2018.3\lib\win64.o\librdi_advchipscopeimpl.dll
0x00007ffb83360000 - 0x00007ffb833ac000 	D:\Xilinx\Vivado\2018.3\lib\win64.o\libboost_serialization.dll
0x00007ffb6e6c0000 - 0x00007ffb6e778000 	D:\Xilinx\Vivado\2018.3\lib\win64.o\librdi_hip_devdesign.dll
0x00007ffb6e1c0000 - 0x00007ffb6e26b000 	D:\Xilinx\Vivado\2018.3\lib\win64.o\librdi_ipconfig_readwrite.dll
0x00007ffb92220000 - 0x00007ffb92258000 	D:\Xilinx\Vivado\2018.3\lib\win64.o\librdi_noc_frameworks.dll
0x00007ffb26f20000 - 0x00007ffb27a67000 	D:\Xilinx\Vivado\2018.3\lib\win64.o\libverific.dll
0x00007ffb7e920000 - 0x00007ffb7e9be000 	D:\Xilinx\Vivado\2018.3\lib\win64.o\libise.dll
0x00007ffb81d00000 - 0x00007ffb81d49000 	D:\Xilinx\Vivado\2018.3\lib\win64.o\librdi_wavedata_SimpleApi.dll

VM Arguments:
jvm_args: -Dsun.java2d.pmoffscreen=false -Dsun.java2d.xrender=false -Dsun.java2d.d3d=false -Dsun.awt.nopixfmt=true -Dsun.java2d.dpiaware=true -Dsun.java2d.uiScale.enabled=false -Xverify:none -Dswing.aatext=true -XX:-UsePerfData -Djdk.map.althashing.threshold=512 -XX:StringTableSize=4072 --add-opens=java.base/java.nio=ALL-UNNAMED --add-opens=java.desktop/sun.swing=ALL-UNNAMED --add-opens=java.desktop/javax.swing=ALL-UNNAMED --add-opens=java.desktop/javax.swing.tree=ALL-UNNAMED --add-opens=java.desktop/javax.swing.plaf.basic=ALL-UNNAMED --add-opens=java.desktop/javax.swing.plaf.synth=ALL-UNNAMED --add-opens=java.desktop/com.sun.awt=ALL-UNNAMED -XX:NewSize=60m -XX:MaxNewSize=60m -Xms128m -Xmx3072m -Xss5m 
java_command: <unknown>
java_class_path (initial): D:/Xilinx/Vivado/2018.3\lib\classes\alloy.jar;D:/Xilinx/Vivado/2018.3\lib\classes\autopilot.scelaborator.jar;D:/Xilinx/Vivado/2018.3\lib\classes\autopilot.sourceprocessor.jar;D:/Xilinx/Vivado/2018.3\lib\classes\autopilot.tbprocessor.jar;D:/Xilinx/Vivado/2018.3\lib\classes\batik-anim.jar;D:/Xilinx/Vivado/2018.3\lib\classes\batik-awt-util.jar;D:/Xilinx/Vivado/2018.3\lib\classes\batik-bridge.jar;D:/Xilinx/Vivado/2018.3\lib\classes\batik-codec.jar;D:/Xilinx/Vivado/2018.3\lib\classes\batik-css.jar;D:/Xilinx/Vivado/2018.3\lib\classes\batik-dom.jar;D:/Xilinx/Vivado/2018.3\lib\classes\batik-ext.jar;D:/Xilinx/Vivado/2018.3\lib\classes\batik-gui-util.jar;D:/Xilinx/Vivado/2018.3\lib\classes\batik-gvt.jar;D:/Xilinx/Vivado/2018.3\lib\classes\batik-parser.jar;D:/Xilinx/Vivado/2018.3\lib\classes\batik-script.jar;D:/Xilinx/Vivado/2018.3\lib\classes\batik-svg-dom.jar;D:/Xilinx/Vivado/2018.3\lib\classes\batik-swing.jar;D:/Xilinx/Vivado/2018.3\lib\classes\batik-transcoder.jar;D:/Xilinx/Vivado/2018.3\lib\classes\batik-util.jar;D:/Xilinx/Vivado/2018.3\lib\classes\batik-xml.jar;D:/Xilinx/Vivado/2018.3\lib\classes\com.ibm.icu_4.4.2.v20110208.jar;D:/Xilinx/Vivado/2018.3\lib\classes\commons-collections4-4.1.jar;D:/Xilinx/Vivado/2018.3\lib\classes\commons-math-2.2.jar;D:/Xilinx/Vivado/2018.3\lib\classes\dom4j-1.6.1.jar;D:/Xilinx/Vivado/2018.3\lib\classes\guava-18.0.jar;D:/Xilinx/Vivado/2018.3\lib\classes\help.jar;D:/Xilinx/Vivado/2018.3\lib\classes\hsqldb.jar;D:/Xilinx/Vivado/2018.3\lib\classes\jargs.jar;D:/Xilinx/Vivado/2018.3\lib\classes\jaxb-api-2.3.0.jar;D:/Xilinx/Vivado/2018.3\lib\classes\jh.jar;D:/Xilinx/Vivado/2018.3\lib\classes\jide-action.jar;D:/Xilinx/Vivado/2018.3\lib\classes\jide-charts.jar;D:/Xilinx/Vivado/2018.3\lib\classes\jide-common.jar;D:/Xilinx/Vivado/2018.3\lib\classes\jide-components.jar;D:/Xilinx/Vivado/2018.3\lib\classes\jide-dashboard.jar;D:/Xilinx/Vivado/2018.3\lib\classes\jide-data.jar;D:/Xilinx/Vivado/2018.3\lib\classes\jide-dialogs.jar
Launcher Type: generic

Logging:
Log output configuration:
#0: stdout all=warning uptime,level,tags
#1: stderr all=off uptime,level,tags

Environment Variables:
PATH=D:/Xilinx/Vivado/2018.3/bin;D:/Xilinx/Vivado/2018.3/lib/win64.o;D:/Xilinx/Vivado/2018.3/tps/win64/jre9.0.4/bin/server;D:/Xilinx/Vivado/2018.3/tps/win64/jre9.0.4/bin;D:/Xilinx/SDK/2018.3/bin;D:/Xilinx/Vivado/2018.3/ids_lite/ISE/bin/nt64;D:/Xilinx/Vivado/2018.3/ids_lite/ISE/lib/nt64;C:\WINDOWS;C:\Program Files\NVIDIA GPU Computing Toolkit\CUDA\v10.0\bin;C:\Program Files\NVIDIA GPU Computing Toolkit\CUDA\v10.0\libnvvp;C:\Windows\system32;C:\Windows\System32\Wbem;C:\Windows\System32\WindowsPowerShell\v1.0\;C:\Windows\System32\OpenSSH\;C:\Program Files (x86)\NVIDIA Corporation\PhysX\Common;C:\Program Files\NVIDIA Corporation\NVIDIA NvDLISR;D:\doxygen\bin;C:\Program Files\dotnet\;C:\Program Files\Microsoft SQL Server\130\Tools\Binn\;D:\Matlab\bin;C:\Program Files\NVIDIA GPU Computing Toolkit\CUDA\v9.0;C:\Program Files\NVIDIA GPU Computing Toolkit\CUDA\v9.0\lib;C:\Program Files\NVIDIA GPU Computing Toolkit\CUDA\v9.0\include;D:\Git\cmd;D:\Python\Scripts\;D:\Python\;D:\Python\Python368\Scripts\;D:\Python\Python368\;C:\Users\Danie\AppData\Local\Microsoft\WindowsApps;D:\Microsoft VS Code\bin;D:\Vim\vim81;C:\Users\Danie\AppData\Local\particle\bin;C:\OpenSSL-Win32\bin;C:\Program Files\NVIDIA GPU Computing Toolkit\CUDA\v9.0\bin;;D:/Xilinx/Vivado/2018.3\tps\mingw\6.2.0\win64.o\nt\bin;D:/Xilinx/Vivado/2018.3\tps\mingw\6.2.0\win64.o\nt\libexec\gcc\x86_64-w64-mingw32\6.2.0
USERNAME=Daniel
OS=Windows_NT
PROCESSOR_IDENTIFIER=Intel64 Family 6 Model 60 Stepping 3, GenuineIntel



---------------  S Y S T E M  ---------------

OS: Windows 10 , 64 bit Build 18362 (10.0.18362.86)

CPU:total 8 (initial active 8) (4 cores per cpu, 2 threads per core) family 6 model 60 stepping 3, cmov, cx8, fxsr, mmx, sse, sse2, sse3, ssse3, sse4.1, sse4.2, popcnt, avx, avx2, aes, clmul, erms, lzcnt, ht, tsc, tscinvbit, bmi1, bmi2, fma

Memory: 4k page, physical 16727704k(5750424k free), swap 21184152k(4013476k free)

vm_info: Java HotSpot(TM) 64-Bit Server VM (9.0.4+11) for windows-amd64 JRE (9.0.4+11), built on Dec 20 2017 02:18:54 by "mach5one" with MS VC++ 12.0 (VS2013)

END.
