Copyright 1986-2018 Xilinx, Inc. All Rights Reserved.
------------------------------------------------------------------------------------
| Tool Version : Vivado v.2018.3 (win64) Build 2405991 Thu Dec  6 23:38:27 MST 2018
| Date         : Fri Aug  9 20:52:42 2019
| Host         : PC running 64-bit major release  (build 9200)
| Command      : report_clock_utilization -file Top_clock_utilization_routed.rpt
| Design       : Top
| Device       : 7z010-clg400
| Speed File   : -1  PRODUCTION 1.11 2014-09-11
------------------------------------------------------------------------------------

Clock Utilization Report

Table of Contents
-----------------
1. Clock Primitive Utilization
2. Global Clock Resources
3. Global Clock Source Details
4. Clock Regions: Key Resource Utilization
5. Clock Regions : Global Clock Summary
6. Device Cell Placement Summary for Global Clock g0
7. Device Cell Placement Summary for Global Clock g1
8. Device Cell Placement Summary for Global Clock g2
9. Device Cell Placement Summary for Global Clock g3
10. Device Cell Placement Summary for Global Clock g4
11. Clock Region Cell Placement per Global Clock: Region X1Y0

1. Clock Primitive Utilization
------------------------------

+----------+------+-----------+-----+--------------+--------+
| Type     | Used | Available | LOC | Clock Region | Pblock |
+----------+------+-----------+-----+--------------+--------+
| BUFGCTRL |    5 |        32 |   0 |            0 |      0 |
| BUFH     |    0 |        48 |   0 |            0 |      0 |
| BUFIO    |    0 |         8 |   0 |            0 |      0 |
| BUFMR    |    0 |         4 |   0 |            0 |      0 |
| BUFR     |    0 |         8 |   0 |            0 |      0 |
| MMCM     |    1 |         2 |   0 |            0 |      0 |
| PLL      |    0 |         2 |   0 |            0 |      0 |
+----------+------+-----------+-----+--------------+--------+


2. Global Clock Resources
-------------------------

+-----------+-----------+-----------------+------------+----------------+--------------+-------------------+-------------+-----------------+--------------+--------------------------------------+----------------------------------------------+-------------------------------------------------------------------------+
| Global Id | Source Id | Driver Type/Pin | Constraint | Site           | Clock Region | Load Clock Region | Clock Loads | Non-Clock Loads | Clock Period | Clock                                | Driver Pin                                   | Net                                                                     |
+-----------+-----------+-----------------+------------+----------------+--------------+-------------------+-------------+-----------------+--------------+--------------------------------------+----------------------------------------------+-------------------------------------------------------------------------+
| g0        | src0      | BUFG/O          | None       | BUFGCTRL_X0Y16 | n/a          |                 1 |         296 |               0 |        8.000 | sys_clk_pin                          | Clock_IBUF_BUFG_inst/O                       | Clock_IBUF_BUFG                                                         |
| g1        | src1      | BUFG/O          | None       | BUFGCTRL_X0Y1  | n/a          |                 1 |          66 |               0 |              |                                      | LRCLK_Int_reg_i_3/O                          | LRCLK_Int_reg_i_3_n_0                                                   |
| g2        | src2      | BUFG/O          | None       | BUFGCTRL_X0Y0  | n/a          |                 1 |          33 |               1 |       81.380 | clk_out1_ClockGeneration_clk_wiz_0_0 | MCLK_OBUF_BUFG_inst/O                        | MCLK_OBUF_BUFG                                                          |
| g3        | src3      | BUFG/O          | None       | BUFGCTRL_X0Y2  | n/a          |                 1 |           1 |               0 |       56.000 | clkfbout_ClockGeneration_clk_wiz_0_0 | InputClock/ClockingWIzard/inst/clkf_buf/O    | InputClock/ClockingWIzard/inst/clkfbout_buf_ClockGeneration_clk_wiz_0_0 |
| g4        | src3      | BUFG/O          | None       | BUFGCTRL_X0Y3  | n/a          |                 1 |           0 |               1 |       81.380 | clk_out1_ClockGeneration_clk_wiz_0_0 | InputClock/ClockingWIzard/inst/clkout1_buf/O | InputClock/ClockingWIzard/inst/clk_out1                                 |
+-----------+-----------+-----------------+------------+----------------+--------------+-------------------+-------------+-----------------+--------------+--------------------------------------+----------------------------------------------+-------------------------------------------------------------------------+
* Clock Loads column represents the clock pin loads (pin count)
** Non-Clock Loads column represents the non-clock pin loads (pin count)


3. Global Clock Source Details
------------------------------

+-----------+-----------+---------------------+------------+-----------------+--------------+-------------+-----------------+---------------------+--------------------------------------+-------------------------------------------------------+---------------------------------------------------------------------+
| Source Id | Global Id | Driver Type/Pin     | Constraint | Site            | Clock Region | Clock Loads | Non-Clock Loads | Source Clock Period | Source Clock                         | Driver Pin                                            | Net                                                                 |
+-----------+-----------+---------------------+------------+-----------------+--------------+-------------+-----------------+---------------------+--------------------------------------+-------------------------------------------------------+---------------------------------------------------------------------+
| src0      | g0        | IBUF/O              | IOB_X0Y78  | IOB_X0Y78       | X1Y1         |           1 |               0 |               8.000 | sys_clk_pin                          | Clock_IBUF_inst/O                                     | Clock_IBUF                                                          |
| src1      | g1        | FDRE/Q              | None       | SLICE_X29Y46    | X1Y0         |           1 |               2 |                     |                                      | I2S_Transmitter/AudioClock_reg/Q                      | I2S_Transmitter/AudioClock_reg_0                                    |
| src2      | g2        | LUT2/O              | None       | SLICE_X22Y46    | X1Y0         |           1 |               0 |              81.380 | clk_out1_ClockGeneration_clk_wiz_0_0 | MCLK_OBUF_BUFG_inst_i_1/O                             | MCLK_OBUF                                                           |
| src3      | g4        | MMCME2_ADV/CLKOUT0  | None       | MMCME2_ADV_X0Y0 | X1Y0         |           1 |               0 |              81.380 | clk_out1_ClockGeneration_clk_wiz_0_0 | InputClock/ClockingWIzard/inst/mmcm_adv_inst/CLKOUT0  | InputClock/ClockingWIzard/inst/clk_out1_ClockGeneration_clk_wiz_0_0 |
| src3      | g3        | MMCME2_ADV/CLKFBOUT | None       | MMCME2_ADV_X0Y0 | X1Y0         |           1 |               0 |              56.000 | clkfbout_ClockGeneration_clk_wiz_0_0 | InputClock/ClockingWIzard/inst/mmcm_adv_inst/CLKFBOUT | InputClock/ClockingWIzard/inst/clkfbout_ClockGeneration_clk_wiz_0_0 |
+-----------+-----------+---------------------+------------+-----------------+--------------+-------------+-----------------+---------------------+--------------------------------------+-------------------------------------------------------+---------------------------------------------------------------------+
* Clock Loads column represents the clock pin loads (pin count)
** Non-Clock Loads column represents the non-clock pin loads (pin count)


4. Clock Regions: Key Resource Utilization
------------------------------------------

+-------------------+--------------+--------------+--------------+--------------+--------------+--------------+--------------+--------------+--------------+--------------+--------------+--------------+--------------+--------------+--------------+
|                   | Global Clock |     BUFRs    |    BUFMRs    |    BUFIOs    |     MMCM     |      PLL     |      GT      |      PCI     |    ILOGIC    |    OLOGIC    |      FF      |     LUTM     |    RAMB18    |    RAMB36    |    DSP48E2   |
+-------------------+------+-------+------+-------+------+-------+------+-------+------+-------+------+-------+------+-------+------+-------+------+-------+------+-------+------+-------+------+-------+------+-------+------+-------+------+-------+
| Clock Region Name | Used | Avail | Used | Avail | Used | Avail | Used | Avail | Used | Avail | Used | Avail | Used | Avail | Used | Avail | Used | Avail | Used | Avail | Used | Avail | Used | Avail | Used | Avail | Used | Avail | Used | Avail |
+-------------------+------+-------+------+-------+------+-------+------+-------+------+-------+------+-------+------+-------+------+-------+------+-------+------+-------+------+-------+------+-------+------+-------+------+-------+------+-------+
| X0Y0              |    0 |    12 |    0 |     0 |    0 |     0 |    0 |     0 |    0 |     0 |    0 |     0 |    0 |     0 |    0 |     0 |    0 |     0 |    0 |     0 |    0 |  1100 |    0 |   400 |    0 |    20 |    0 |    10 |    0 |    20 |
| X1Y0              |    5 |    12 |    0 |     4 |    0 |     2 |    0 |     4 |    1 |     1 |    0 |     1 |    0 |     0 |    0 |     0 |    0 |    50 |    0 |    50 |  393 |  1100 |  108 |   350 |    0 |    40 |    0 |    20 |    0 |    20 |
| X0Y1              |    0 |    12 |    0 |     0 |    0 |     0 |    0 |     0 |    0 |     0 |    0 |     0 |    0 |     0 |    0 |     0 |    0 |     0 |    0 |     0 |    0 |  1100 |    0 |   400 |    0 |    20 |    0 |    10 |    0 |    20 |
| X1Y1              |    0 |    12 |    0 |     4 |    0 |     2 |    0 |     4 |    0 |     1 |    0 |     1 |    0 |     0 |    0 |     0 |    0 |    50 |    0 |    50 |    0 |  1100 |    0 |   350 |    0 |    40 |    0 |    20 |    0 |    20 |
+-------------------+------+-------+------+-------+------+-------+------+-------+------+-------+------+-------+------+-------+------+-------+------+-------+------+-------+------+-------+------+-------+------+-------+------+-------+------+-------+
* Global Clock column represents track count; while other columns represents cell counts


5. Clock Regions : Global Clock Summary
---------------------------------------

All Modules
+----+----+----+
|    | X0 | X1 |
+----+----+----+
| Y1 |  0 |  0 |
| Y0 |  0 |  5 |
+----+----+----+


6. Device Cell Placement Summary for Global Clock g0
----------------------------------------------------

+-----------+-----------------+-------------------+-------------+-------------+---------------+-------------+----------+----------------+----------+-----------------+
| Global Id | Driver Type/Pin | Driver Region (D) | Clock       | Period (ns) | Waveform (ns) | Slice Loads | IO Loads | Clocking Loads | GT Loads | Net             |
+-----------+-----------------+-------------------+-------------+-------------+---------------+-------------+----------+----------------+----------+-----------------+
| g0        | BUFG/O          | n/a               | sys_clk_pin |       8.000 | {0.000 4.000} |         295 |        0 |              1 |        0 | Clock_IBUF_BUFG |
+-----------+-----------------+-------------------+-------------+-------------+---------------+-------------+----------+----------------+----------+-----------------+
* Logic Loads column represents load cell count of all cell types other than IO, GT and clock resources
** IO Loads column represents load cell count of IO types
*** Clocking Loads column represents load cell count that are clock resources (global clock buffer, MMCM, PLL, etc)
**** GT Loads column represents load cell count of GT types


+----+----+------+
|    | X0 | X1   |
+----+----+------+
| Y1 |  0 |    0 |
| Y0 |  0 |  296 |
+----+----+------+


7. Device Cell Placement Summary for Global Clock g1
----------------------------------------------------

+-----------+-----------------+-------------------+-------+-------------+---------------+-------------+----------+----------------+----------+-----------------------+
| Global Id | Driver Type/Pin | Driver Region (D) | Clock | Period (ns) | Waveform (ns) | Slice Loads | IO Loads | Clocking Loads | GT Loads | Net                   |
+-----------+-----------------+-------------------+-------+-------------+---------------+-------------+----------+----------------+----------+-----------------------+
| g1        | BUFG/O          | n/a               |       |             |               |          66 |        0 |              0 |        0 | LRCLK_Int_reg_i_3_n_0 |
+-----------+-----------------+-------------------+-------+-------------+---------------+-------------+----------+----------------+----------+-----------------------+
* Logic Loads column represents load cell count of all cell types other than IO, GT and clock resources
** IO Loads column represents load cell count of IO types
*** Clocking Loads column represents load cell count that are clock resources (global clock buffer, MMCM, PLL, etc)
**** GT Loads column represents load cell count of GT types


+----+----+-----+
|    | X0 | X1  |
+----+----+-----+
| Y1 |  0 |   0 |
| Y0 |  0 |  66 |
+----+----+-----+


8. Device Cell Placement Summary for Global Clock g2
----------------------------------------------------

+-----------+-----------------+-------------------+--------------------------------------+-------------+----------------+-------------+----------+----------------+----------+----------------+
| Global Id | Driver Type/Pin | Driver Region (D) | Clock                                | Period (ns) | Waveform (ns)  | Slice Loads | IO Loads | Clocking Loads | GT Loads | Net            |
+-----------+-----------------+-------------------+--------------------------------------+-------------+----------------+-------------+----------+----------------+----------+----------------+
| g2        | BUFG/O          | n/a               | clk_out1_ClockGeneration_clk_wiz_0_0 |      81.380 | {0.000 40.690} |          33 |        1 |              0 |        0 | MCLK_OBUF_BUFG |
+-----------+-----------------+-------------------+--------------------------------------+-------------+----------------+-------------+----------+----------------+----------+----------------+
* Logic Loads column represents load cell count of all cell types other than IO, GT and clock resources
** IO Loads column represents load cell count of IO types
*** Clocking Loads column represents load cell count that are clock resources (global clock buffer, MMCM, PLL, etc)
**** GT Loads column represents load cell count of GT types


+----+----+-----+
|    | X0 | X1  |
+----+----+-----+
| Y1 |  0 |   0 |
| Y0 |  0 |  34 |
+----+----+-----+


9. Device Cell Placement Summary for Global Clock g3
----------------------------------------------------

+-----------+-----------------+-------------------+--------------------------------------+-------------+----------------+-------------+----------+----------------+----------+-------------------------------------------------------------------------+
| Global Id | Driver Type/Pin | Driver Region (D) | Clock                                | Period (ns) | Waveform (ns)  | Slice Loads | IO Loads | Clocking Loads | GT Loads | Net                                                                     |
+-----------+-----------------+-------------------+--------------------------------------+-------------+----------------+-------------+----------+----------------+----------+-------------------------------------------------------------------------+
| g3        | BUFG/O          | n/a               | clkfbout_ClockGeneration_clk_wiz_0_0 |      56.000 | {0.000 28.000} |           0 |        0 |              1 |        0 | InputClock/ClockingWIzard/inst/clkfbout_buf_ClockGeneration_clk_wiz_0_0 |
+-----------+-----------------+-------------------+--------------------------------------+-------------+----------------+-------------+----------+----------------+----------+-------------------------------------------------------------------------+
* Logic Loads column represents load cell count of all cell types other than IO, GT and clock resources
** IO Loads column represents load cell count of IO types
*** Clocking Loads column represents load cell count that are clock resources (global clock buffer, MMCM, PLL, etc)
**** GT Loads column represents load cell count of GT types


+----+----+----+
|    | X0 | X1 |
+----+----+----+
| Y1 |  0 |  0 |
| Y0 |  0 |  1 |
+----+----+----+


10. Device Cell Placement Summary for Global Clock g4
-----------------------------------------------------

+-----------+-----------------+-------------------+--------------------------------------+-------------+----------------+-------------+----------+----------------+----------+-----------------------------------------+
| Global Id | Driver Type/Pin | Driver Region (D) | Clock                                | Period (ns) | Waveform (ns)  | Slice Loads | IO Loads | Clocking Loads | GT Loads | Net                                     |
+-----------+-----------------+-------------------+--------------------------------------+-------------+----------------+-------------+----------+----------------+----------+-----------------------------------------+
| g4        | BUFG/O          | n/a               | clk_out1_ClockGeneration_clk_wiz_0_0 |      81.380 | {0.000 40.690} |           1 |        0 |              0 |        0 | InputClock/ClockingWIzard/inst/clk_out1 |
+-----------+-----------------+-------------------+--------------------------------------+-------------+----------------+-------------+----------+----------------+----------+-----------------------------------------+
* Logic Loads column represents load cell count of all cell types other than IO, GT and clock resources
** IO Loads column represents load cell count of IO types
*** Clocking Loads column represents load cell count that are clock resources (global clock buffer, MMCM, PLL, etc)
**** GT Loads column represents load cell count of GT types


+----+----+----+
|    | X0 | X1 |
+----+----+----+
| Y1 |  0 |  0 |
| Y0 |  0 |  1 |
+----+----+----+


11. Clock Region Cell Placement per Global Clock: Region X1Y0
-------------------------------------------------------------

+-----------+-------+-----------------+------------+-------------+-----------------+-----+--------+------+-----+----+------+-----+---------+-------------------------------------------------------------------------+
| Global Id | Track | Driver Type/Pin | Constraint | Clock Loads | Non-Clock Loads | FF  | LUTRAM | RAMB | DSP | GT | MMCM | PLL | Hard IP | Net                                                                     |
+-----------+-------+-----------------+------------+-------------+-----------------+-----+--------+------+-----+----+------+-----+---------+-------------------------------------------------------------------------+
| g0        | n/a   | BUFG/O          | None       |         296 |               0 | 294 |      0 |    0 |   0 |  0 |    1 |   0 |       0 | Clock_IBUF_BUFG                                                         |
| g1        | n/a   | BUFG/O          | None       |          66 |               0 |  66 |      0 |    0 |   0 |  0 |    0 |   0 |       0 | LRCLK_Int_reg_i_3_n_0                                                   |
| g2        | n/a   | BUFG/O          | None       |          33 |               1 |  33 |      0 |    0 |   0 |  0 |    0 |   0 |       0 | MCLK_OBUF_BUFG                                                          |
| g3        | n/a   | BUFG/O          | None       |           1 |               0 |   0 |      0 |    0 |   0 |  0 |    1 |   0 |       0 | InputClock/ClockingWIzard/inst/clkfbout_buf_ClockGeneration_clk_wiz_0_0 |
| g4        | n/a   | BUFG/O          | None       |           0 |               1 |   0 |      0 |    0 |   0 |  0 |    0 |   0 |       0 | InputClock/ClockingWIzard/inst/clk_out1                                 |
+-----------+-------+-----------------+------------+-------------+-----------------+-----+--------+------+-----+----+------+-----+---------+-------------------------------------------------------------------------+
* Clock Loads column represents the clock pin loads (pin count)
** Non-Clock Loads column represents the non-clock pin loads (pin count)
*** Columns FF, LUTRAM, RAMB through 'Hard IP' represents load cell counts



# Location of BUFG Primitives 
set_property LOC BUFGCTRL_X0Y0 [get_cells MCLK_OBUF_BUFG_inst]
set_property LOC BUFGCTRL_X0Y1 [get_cells LRCLK_Int_reg_i_3]
set_property LOC BUFGCTRL_X0Y2 [get_cells InputClock/ClockingWIzard/inst/clkf_buf]
set_property LOC BUFGCTRL_X0Y3 [get_cells InputClock/ClockingWIzard/inst/clkout1_buf]
set_property LOC BUFGCTRL_X0Y16 [get_cells Clock_IBUF_BUFG_inst]

# Location of IO Primitives which is load of clock spine
set_property LOC IOB_X0Y42 [get_cells MCLK_OBUF_inst]

# Location of clock ports
set_property LOC IOB_X0Y78 [get_ports Clock]

# Clock net "MCLK_OBUF_BUFG" driven by instance "MCLK_OBUF_BUFG_inst" located at site "BUFGCTRL_X0Y0"
#startgroup
create_pblock {CLKAG_MCLK_OBUF_BUFG}
add_cells_to_pblock [get_pblocks  {CLKAG_MCLK_OBUF_BUFG}] [get_cells -filter { PRIMITIVE_GROUP != I/O && IS_PRIMITIVE==1 && PRIMITIVE_LEVEL !=INTERNAL && NAME!=MCLK_OBUF_inst} -of_object [get_pins -filter {DIRECTION==IN} -of_objects [get_nets -hierarchical -filter {PARENT=="MCLK_OBUF_BUFG"}]]]
resize_pblock [get_pblocks {CLKAG_MCLK_OBUF_BUFG}] -add {CLOCKREGION_X1Y0:CLOCKREGION_X1Y0}
#endgroup

# Clock net "LRCLK_Int_reg_i_3_n_0" driven by instance "LRCLK_Int_reg_i_3" located at site "BUFGCTRL_X0Y1"
#startgroup
create_pblock {CLKAG_LRCLK_Int_reg_i_3_n_0}
add_cells_to_pblock [get_pblocks  {CLKAG_LRCLK_Int_reg_i_3_n_0}] [get_cells -filter { PRIMITIVE_GROUP != I/O && IS_PRIMITIVE==1 && PRIMITIVE_LEVEL !=INTERNAL } -of_object [get_pins -filter {DIRECTION==IN} -of_objects [get_nets -hierarchical -filter {PARENT=="LRCLK_Int_reg_i_3_n_0"}]]]
resize_pblock [get_pblocks {CLKAG_LRCLK_Int_reg_i_3_n_0}] -add {CLOCKREGION_X1Y0:CLOCKREGION_X1Y0}
#endgroup

# Clock net "InputClock/ClockingWIzard/inst/clk_out1" driven by instance "InputClock/ClockingWIzard/inst/clkout1_buf" located at site "BUFGCTRL_X0Y3"
#startgroup
create_pblock {CLKAG_InputClock/ClockingWIzard/inst/clk_out1}
add_cells_to_pblock [get_pblocks  {CLKAG_InputClock/ClockingWIzard/inst/clk_out1}] [get_cells -filter { PRIMITIVE_GROUP != I/O && IS_PRIMITIVE==1 && PRIMITIVE_LEVEL !=INTERNAL } -of_object [get_pins -filter {DIRECTION==IN} -of_objects [get_nets -hierarchical -filter {PARENT=="InputClock/ClockingWIzard/inst/clk_out1"}]]]
resize_pblock [get_pblocks {CLKAG_InputClock/ClockingWIzard/inst/clk_out1}] -add {CLOCKREGION_X1Y0:CLOCKREGION_X1Y0}
#endgroup

# Clock net "Clock_IBUF_BUFG" driven by instance "Clock_IBUF_BUFG_inst" located at site "BUFGCTRL_X0Y16"
#startgroup
create_pblock {CLKAG_Clock_IBUF_BUFG}
add_cells_to_pblock [get_pblocks  {CLKAG_Clock_IBUF_BUFG}] [get_cells -filter { PRIMITIVE_GROUP != I/O && IS_PRIMITIVE==1 && PRIMITIVE_LEVEL !=INTERNAL && NAME!=InputClock/ClockingWIzard/inst/mmcm_adv_inst} -of_object [get_pins -filter {DIRECTION==IN} -of_objects [get_nets -hierarchical -filter {PARENT=="Clock_IBUF_BUFG"}]]]
resize_pblock [get_pblocks {CLKAG_Clock_IBUF_BUFG}] -add {CLOCKREGION_X1Y0:CLOCKREGION_X1Y0}
#endgroup
